#
# There is insufficient memory for the Java Runtime Environment to continue.
# Native memory allocation (mmap) failed to map 48234496 bytes for Failed to commit area from 0x000000008dc00000 to 0x0000000090a00000 of length 48234496.
# Possible reasons:
#   The system is out of physical RAM or swap space
#   The process is running with CompressedOops enabled, and the Java Heap may be blocking the growth of the native heap
# Possible solutions:
#   Reduce memory load on the system
#   Increase physical memory or swap space
#   Check if swap backing store is full
#   Decrease Java heap size (-Xmx/-Xms)
#   Decrease number of Java threads
#   Decrease Java thread stack sizes (-Xss)
#   Set larger code cache with -XX:ReservedCodeCacheSize=
#   JVM is running with Unscaled Compressed Oops mode in which the Java heap is
#     placed in the first 4GB address space. The Java Heap base address is the
#     maximum limit for the native heap growth. Please use -XX:HeapBaseMinAddress
#     to set the Java Heap base and to place the Java Heap above 4GB virtual address.
# This output file may be truncated or incomplete.
#
#  Out of Memory Error (./src/hotspot/os/windows/os_windows.cpp:3521), pid=18516, tid=6412
#
# JRE version: OpenJDK Runtime Environment (11.0.12+7) (build 11.0.12+7-b1504.28-7817840)
# Java VM: OpenJDK 64-Bit Server VM (11.0.12+7-b1504.28-7817840, mixed mode, tiered, compressed oops, g1 gc, windows-amd64)
# No core dump will be written. Minidumps are not enabled by default on client versions of Windows
#

---------------  S U M M A R Y ------------

Command Line: --add-opens=java.base/java.util=ALL-UNNAMED --add-opens=java.base/java.lang=ALL-UNNAMED --add-opens=java.base/java.lang.invoke=ALL-UNNAMED --add-opens=java.base/java.util=ALL-UNNAMED --add-opens=java.prefs/java.util.prefs=ALL-UNNAMED --add-opens=java.prefs/java.util.prefs=ALL-UNNAMED --add-opens=java.base/java.nio.charset=ALL-UNNAMED --add-opens=java.base/java.net=ALL-UNNAMED --add-opens=java.base/java.util.concurrent.atomic=ALL-UNNAMED -Xmx2048m -Dfile.encoding=UTF-8 -Duser.country=US -Duser.language=en -Duser.variant org.gradle.launcher.daemon.bootstrap.GradleDaemon 7.3.3

Host: Intel(R) Core(TM) i5-3340M CPU @ 2.70GHz, 4 cores, 7G,  Windows 10 , 64 bit Build 19041 (10.0.19041.1889)
Time: Fri Nov  4 12:06:33 2022 Pakistan Standard Time elapsed time: 32.309841 seconds (0d 0h 0m 32s)

---------------  T H R E A D  ---------------

Current thread (0x000001c35427f000):  VMThread "VM Thread" [stack: 0x000000a269a00000,0x000000a269b00000] [id=6412]

Stack: [0x000000a269a00000,0x000000a269b00000]
[error occurred during error reporting (printing stack bounds), id 0xc0000005, EXCEPTION_ACCESS_VIOLATION (0xc0000005) at pc=0x000001c33da1112d]

Native frames: (J=compiled Java code, j=interpreted, Vv=VM code, C=native code)
V  [jvm.dll+0x5fbcea]
V  [jvm.dll+0x731905]
V  [jvm.dll+0x732f1d]
V  [jvm.dll+0x733535]
V  [jvm.dll+0x7334eb]
V  [jvm.dll+0x5fb080]
V  [jvm.dll+0x5fb818]
C  [ntdll.dll+0xa241f]
C  [ntdll.dll+0x514a4]
C  [ntdll.dll+0xa0f4e]
C  0x000001c33da1112d

VM_Operation (0x000000a26fafdc30): G1CollectForAllocation, mode: safepoint, requested by thread 0x000001c35bbd0000


---------------  P R O C E S S  ---------------

Threads class SMR info:
_java_thread_list=0x000001c35eaf0440, length=94, elements={
0x000001c33872c000, 0x000001c354281000, 0x000001c354284800, 0x000001c35429d000,
0x000001c35429d800, 0x000001c3542a0000, 0x000001c3542a3000, 0x000001c3542a6000,
0x000001c354c65000, 0x000001c354d5f000, 0x000001c356b68000, 0x000001c357845000,
0x000001c35781a800, 0x000001c355e7e800, 0x000001c35700a000, 0x000001c35746c000,
0x000001c3577da800, 0x000001c355843800, 0x000001c355a9d000, 0x000001c35745e800,
0x000001c35745f800, 0x000001c357461000, 0x000001c35745d800, 0x000001c357462000,
0x000001c357460000, 0x000001c35745d000, 0x000001c35745c000, 0x000001c357462800,
0x000001c358820000, 0x000001c35881e800, 0x000001c35881f000, 0x000001c358821000,
0x000001c358822800, 0x000001c35881c800, 0x000001c35896c800, 0x000001c35896d000,
0x000001c35896b800, 0x000001c35896a000, 0x000001c35896b000, 0x000001c358970800,
0x000001c358971800, 0x000001c35896e000, 0x000001c35896f800, 0x000001c35896f000,
0x000001c358974800, 0x000001c358973000, 0x000001c358975800, 0x000001c358978000,
0x000001c358974000, 0x000001c358972000, 0x000001c358977000, 0x000001c358976000,
0x000001c358978800, 0x000001c3552cb000, 0x000001c3552c8800, 0x000001c3552cc000,
0x000001c3552cc800, 0x000001c3552c9800, 0x000001c3552c8000, 0x000001c3552d0000,
0x000001c3552cd800, 0x000001c3552ca000, 0x000001c3552d3000, 0x000001c3552d1800,
0x000001c3552d2800, 0x000001c3552d1000, 0x000001c3552d4000, 0x000001c3552ce800,
0x000001c3552d5000, 0x000001c3552cf000, 0x000001c3552d5800, 0x000001c3552d6800,
0x000001c356f87800, 0x000001c356f88000, 0x000001c356f89000, 0x000001c356f8a000,
0x000001c356f84000, 0x000001c356f86000, 0x000001c356f85000, 0x000001c356f8b800,
0x000001c356f8c800, 0x000001c356f86800, 0x000001c356f8e800, 0x000001c358da3000,
0x000001c356f91000, 0x000001c356f8f800, 0x000001c356f92000, 0x000001c356f8d000,
0x000001c356f90800, 0x000001c356f8e000, 0x000001c35bbd2000, 0x000001c35bbd2800,
0x000001c35bbd0000, 0x000001c35bbd3800
}

Java Threads: ( => current thread )
  0x000001c33872c000 JavaThread "main" [_thread_blocked, id=13468, stack(0x000000a269400000,0x000000a269500000)]
  0x000001c354281000 JavaThread "Reference Handler" daemon [_thread_blocked, id=19312, stack(0x000000a269b00000,0x000000a269c00000)]
  0x000001c354284800 JavaThread "Finalizer" daemon [_thread_blocked, id=17596, stack(0x000000a269c00000,0x000000a269d00000)]
  0x000001c35429d000 JavaThread "Signal Dispatcher" daemon [_thread_blocked, id=7520, stack(0x000000a269d00000,0x000000a269e00000)]
  0x000001c35429d800 JavaThread "Attach Listener" daemon [_thread_blocked, id=19124, stack(0x000000a269e00000,0x000000a269f00000)]
  0x000001c3542a0000 JavaThread "Service Thread" daemon [_thread_blocked, id=4280, stack(0x000000a269f00000,0x000000a26a000000)]
  0x000001c3542a3000 JavaThread "C2 CompilerThread0" daemon [_thread_in_native, id=10168, stack(0x000000a26a000000,0x000000a26a100000)]
  0x000001c3542a6000 JavaThread "C1 CompilerThread0" daemon [_thread_blocked, id=16376, stack(0x000000a26a100000,0x000000a26a200000)]
  0x000001c354c65000 JavaThread "Sweeper thread" daemon [_thread_blocked, id=2700, stack(0x000000a26a200000,0x000000a26a300000)]
  0x000001c354d5f000 JavaThread "Common-Cleaner" daemon [_thread_blocked, id=5144, stack(0x000000a26a300000,0x000000a26a400000)]
  0x000001c356b68000 JavaThread "Daemon health stats" [_thread_blocked, id=15592, stack(0x000000a26a800000,0x000000a26a900000)]
  0x000001c357845000 JavaThread "Incoming local TCP Connector on port 59826" [_thread_in_native, id=3496, stack(0x000000a26a500000,0x000000a26a600000)]
  0x000001c35781a800 JavaThread "Daemon periodic checks" [_thread_blocked, id=12088, stack(0x000000a26a900000,0x000000a26aa00000)]
  0x000001c355e7e800 JavaThread "Daemon" [_thread_blocked, id=3360, stack(0x000000a26aa00000,0x000000a26ab00000)]
  0x000001c35700a000 JavaThread "Handler for socket connection from /127.0.0.1:59826 to /127.0.0.1:59827" [_thread_in_native, id=10924, stack(0x000000a26ab00000,0x000000a26ac00000)]
  0x000001c35746c000 JavaThread "Cancel handler" [_thread_blocked, id=1104, stack(0x000000a26ad00000,0x000000a26ae00000)]
  0x000001c3577da800 JavaThread "Daemon worker" [_thread_blocked, id=5948, stack(0x000000a26ae00000,0x000000a26af00000)]
  0x000001c355843800 JavaThread "Asynchronous log dispatcher for DefaultDaemonConnection: socket connection from /127.0.0.1:59826 to /127.0.0.1:59827" [_thread_blocked, id=14648, stack(0x000000a26af00000,0x000000a26b000000)]
  0x000001c355a9d000 JavaThread "Stdin handler" [_thread_blocked, id=12664, stack(0x000000a26b000000,0x000000a26b100000)]
  0x000001c35745e800 JavaThread "Daemon client event forwarder" [_thread_blocked, id=18596, stack(0x000000a26b100000,0x000000a26b200000)]
  0x000001c35745f800 JavaThread "Cache worker for journal cache (C:\Users\shahw\.gradle\caches\journal-1)" [_thread_blocked, id=4404, stack(0x000000a26b300000,0x000000a26b400000)]
  0x000001c357461000 JavaThread "File lock request listener" [_thread_in_native, id=18112, stack(0x000000a26b400000,0x000000a26b500000)]
  0x000001c35745d800 JavaThread "Cache worker for file hash cache (C:\Users\shahw\.gradle\caches\7.3.3\fileHashes)" [_thread_blocked, id=1760, stack(0x000000a26b500000,0x000000a26b600000)]
  0x000001c357462000 JavaThread "Cache worker for file hash cache (E:\Users\Memon\Documents\Chat_App\.gradle\7.3.3\fileHashes)" [_thread_blocked, id=16180, stack(0x000000a26b200000,0x000000a26b300000)]
  0x000001c357460000 JavaThread "File watcher server" daemon [_thread_blocked, id=4732, stack(0x000000a26b700000,0x000000a26b800000)]
  0x000001c35745d000 JavaThread "File watcher consumer" daemon [_thread_blocked, id=5032, stack(0x000000a26b800000,0x000000a26b900000)]
  0x000001c35745c000 JavaThread "Cache worker for checksums cache (E:\Users\Memon\Documents\Chat_App\.gradle\7.3.3\checksums)" [_thread_blocked, id=2408, stack(0x000000a26b900000,0x000000a26ba00000)]
  0x000001c357462800 JavaThread "Cache worker for cache directory md-supplier (C:\Users\shahw\.gradle\caches\7.3.3\md-supplier)" [_thread_blocked, id=5840, stack(0x000000a26ba00000,0x000000a26bb00000)]
  0x000001c358820000 JavaThread "Cache worker for cache directory md-rule (C:\Users\shahw\.gradle\caches\7.3.3\md-rule)" [_thread_blocked, id=15904, stack(0x000000a26bb00000,0x000000a26bc00000)]
  0x000001c35881e800 JavaThread "Cache worker for execution history cache (C:\Users\shahw\.gradle\caches\7.3.3\executionHistory)" [_thread_blocked, id=6964, stack(0x000000a26bc00000,0x000000a26bd00000)]
  0x000001c35881f000 JavaThread "jar transforms" [_thread_blocked, id=15032, stack(0x000000a26bd00000,0x000000a26be00000)]
  0x000001c358821000 JavaThread "Cache worker for file content cache (C:\Users\shahw\.gradle\caches\7.3.3\fileContent)" [_thread_blocked, id=15400, stack(0x000000a26be00000,0x000000a26bf00000)]
  0x000001c358822800 JavaThread "jar transforms Thread 2" [_thread_blocked, id=10812, stack(0x000000a26bf00000,0x000000a26c000000)]
  0x000001c35881c800 JavaThread "Cache worker for dependencies-accessors (E:\Users\Memon\Documents\Chat_App\.gradle\7.3.3\dependencies-accessors)" [_thread_blocked, id=18032, stack(0x000000a26c000000,0x000000a26c100000)]
  0x000001c35896c800 JavaThread "jar transforms Thread 3" [_thread_blocked, id=12284, stack(0x000000a26c100000,0x000000a26c200000)]
  0x000001c35896d000 JavaThread "Cache worker for Build Output Cleanup Cache (E:\Users\Memon\Documents\Chat_App\.gradle\buildOutputCleanup)" [_thread_blocked, id=4888, stack(0x000000a26c200000,0x000000a26c300000)]
  0x000001c35896b800 JavaThread "Unconstrained build operations" [_thread_blocked, id=10456, stack(0x000000a26c300000,0x000000a26c400000)]
  0x000001c35896a000 JavaThread "Unconstrained build operations Thread 2" [_thread_blocked, id=10296, stack(0x000000a26c400000,0x000000a26c500000)]
  0x000001c35896b000 JavaThread "Unconstrained build operations Thread 3" [_thread_blocked, id=9200, stack(0x000000a26c500000,0x000000a26c600000)]
  0x000001c358970800 JavaThread "Unconstrained build operations Thread 4" [_thread_blocked, id=18892, stack(0x000000a26c600000,0x000000a26c700000)]
  0x000001c358971800 JavaThread "Unconstrained build operations Thread 5" [_thread_blocked, id=7596, stack(0x000000a26c700000,0x000000a26c800000)]
  0x000001c35896e000 JavaThread "Unconstrained build operations Thread 6" [_thread_blocked, id=12924, stack(0x000000a26c800000,0x000000a26c900000)]
  0x000001c35896f800 JavaThread "Unconstrained build operations Thread 7" [_thread_blocked, id=15532, stack(0x000000a26c900000,0x000000a26ca00000)]
  0x000001c35896f000 JavaThread "Unconstrained build operations Thread 8" [_thread_blocked, id=16852, stack(0x000000a26ca00000,0x000000a26cb00000)]
  0x000001c358974800 JavaThread "Unconstrained build operations Thread 9" [_thread_blocked, id=12976, stack(0x000000a26cb00000,0x000000a26cc00000)]
  0x000001c358973000 JavaThread "Unconstrained build operations Thread 10" [_thread_blocked, id=1444, stack(0x000000a26cc00000,0x000000a26cd00000)]
  0x000001c358975800 JavaThread "Unconstrained build operations Thread 11" [_thread_blocked, id=16056, stack(0x000000a26cd00000,0x000000a26ce00000)]
  0x000001c358978000 JavaThread "Unconstrained build operations Thread 12" [_thread_blocked, id=13500, stack(0x000000a26ce00000,0x000000a26cf00000)]
  0x000001c358974000 JavaThread "Unconstrained build operations Thread 13" [_thread_blocked, id=4304, stack(0x000000a26cf00000,0x000000a26d000000)]
  0x000001c358972000 JavaThread "Unconstrained build operations Thread 14" [_thread_blocked, id=16672, stack(0x000000a26d000000,0x000000a26d100000)]
  0x000001c358977000 JavaThread "Unconstrained build operations Thread 15" [_thread_blocked, id=6832, stack(0x000000a26d100000,0x000000a26d200000)]
  0x000001c358976000 JavaThread "Unconstrained build operations Thread 16" [_thread_blocked, id=5496, stack(0x000000a26d200000,0x000000a26d300000)]
  0x000001c358978800 JavaThread "Unconstrained build operations Thread 17" [_thread_blocked, id=11948, stack(0x000000a26d300000,0x000000a26d400000)]
  0x000001c3552cb000 JavaThread "Unconstrained build operations Thread 18" [_thread_blocked, id=16548, stack(0x000000a26d400000,0x000000a26d500000)]
  0x000001c3552c8800 JavaThread "Unconstrained build operations Thread 19" [_thread_blocked, id=14600, stack(0x000000a26d500000,0x000000a26d600000)]
  0x000001c3552cc000 JavaThread "Unconstrained build operations Thread 20" [_thread_blocked, id=9248, stack(0x000000a26d600000,0x000000a26d700000)]
  0x000001c3552cc800 JavaThread "Unconstrained build operations Thread 21" [_thread_blocked, id=16352, stack(0x000000a26d700000,0x000000a26d800000)]
  0x000001c3552c9800 JavaThread "Unconstrained build operations Thread 22" [_thread_blocked, id=2004, stack(0x000000a26d800000,0x000000a26d900000)]
  0x000001c3552c8000 JavaThread "Unconstrained build operations Thread 23" [_thread_blocked, id=8124, stack(0x000000a26d900000,0x000000a26da00000)]
  0x000001c3552d0000 JavaThread "Unconstrained build operations Thread 24" [_thread_blocked, id=5628, stack(0x000000a26da00000,0x000000a26db00000)]
  0x000001c3552cd800 JavaThread "Unconstrained build operations Thread 25" [_thread_blocked, id=3480, stack(0x000000a26db00000,0x000000a26dc00000)]
  0x000001c3552ca000 JavaThread "Unconstrained build operations Thread 26" [_thread_blocked, id=14684, stack(0x000000a26dc00000,0x000000a26dd00000)]
  0x000001c3552d3000 JavaThread "Unconstrained build operations Thread 27" [_thread_blocked, id=2628, stack(0x000000a26dd00000,0x000000a26de00000)]
  0x000001c3552d1800 JavaThread "Unconstrained build operations Thread 28" [_thread_blocked, id=11228, stack(0x000000a26de00000,0x000000a26df00000)]
  0x000001c3552d2800 JavaThread "Unconstrained build operations Thread 29" [_thread_blocked, id=18156, stack(0x000000a26df00000,0x000000a26e000000)]
  0x000001c3552d1000 JavaThread "Unconstrained build operations Thread 30" [_thread_blocked, id=9904, stack(0x000000a26e000000,0x000000a26e100000)]
  0x000001c3552d4000 JavaThread "Unconstrained build operations Thread 31" [_thread_blocked, id=13920, stack(0x000000a26e100000,0x000000a26e200000)]
  0x000001c3552ce800 JavaThread "Unconstrained build operations Thread 32" [_thread_blocked, id=7896, stack(0x000000a26e200000,0x000000a26e300000)]
  0x000001c3552d5000 JavaThread "Unconstrained build operations Thread 33" [_thread_blocked, id=8832, stack(0x000000a26e300000,0x000000a26e400000)]
  0x000001c3552cf000 JavaThread "Unconstrained build operations Thread 34" [_thread_blocked, id=17084, stack(0x000000a26e400000,0x000000a26e500000)]
  0x000001c3552d5800 JavaThread "Unconstrained build operations Thread 35" [_thread_blocked, id=13972, stack(0x000000a26e500000,0x000000a26e600000)]
  0x000001c3552d6800 JavaThread "Unconstrained build operations Thread 36" [_thread_blocked, id=13136, stack(0x000000a26e600000,0x000000a26e700000)]
  0x000001c356f87800 JavaThread "Unconstrained build operations Thread 37" [_thread_blocked, id=4392, stack(0x000000a26e700000,0x000000a26e800000)]
  0x000001c356f88000 JavaThread "Unconstrained build operations Thread 38" [_thread_blocked, id=11028, stack(0x000000a26e800000,0x000000a26e900000)]
  0x000001c356f89000 JavaThread "Unconstrained build operations Thread 39" [_thread_blocked, id=6976, stack(0x000000a26e900000,0x000000a26ea00000)]
  0x000001c356f8a000 JavaThread "Unconstrained build operations Thread 40" [_thread_blocked, id=19404, stack(0x000000a26ea00000,0x000000a26eb00000)]
  0x000001c356f84000 JavaThread "jar transforms Thread 4" [_thread_blocked, id=18676, stack(0x000000a26eb00000,0x000000a26ec00000)]
  0x000001c356f86000 JavaThread "Memory manager" [_thread_blocked, id=5236, stack(0x000000a26ec00000,0x000000a26ed00000)]
  0x000001c356f85000 JavaThread "build event listener" [_thread_blocked, id=17592, stack(0x000000a26ed00000,0x000000a26ee00000)]
  0x000001c356f8b800 JavaThread "Execution worker for ':'" [_thread_blocked, id=11348, stack(0x000000a26ee00000,0x000000a26ef00000)]
  0x000001c356f8c800 JavaThread "Execution worker for ':' Thread 2" [_thread_blocked, id=5992, stack(0x000000a26ef00000,0x000000a26f000000)]
  0x000001c356f86800 JavaThread "Execution worker for ':' Thread 3" [_thread_blocked, id=7908, stack(0x000000a26f000000,0x000000a26f100000)]
  0x000001c356f8e800 JavaThread "Cache worker for execution history cache (E:\Users\Memon\Documents\Chat_App\.gradle\7.3.3\executionHistory)" [_thread_blocked, id=9120, stack(0x000000a26f100000,0x000000a26f200000)]
  0x000001c358da3000 JavaThread "C2 CompilerThread1" daemon [_thread_in_native, id=12296, stack(0x000000a26b600000,0x000000a26b700000)]
  0x000001c356f91000 JavaThread "WorkerExecutor Queue" [_thread_blocked, id=288, stack(0x000000a26f200000,0x000000a26f300000)]
  0x000001c356f8f800 JavaThread "WorkerExecutor Queue Thread 2" [_thread_blocked, id=18752, stack(0x000000a26f300000,0x000000a26f400000)]
  0x000001c356f92000 JavaThread "WorkerExecutor Queue Thread 3" [_thread_blocked, id=19116, stack(0x000000a26f400000,0x000000a26f500000)]
  0x000001c356f8d000 JavaThread "pool-3-thread-1" [_thread_blocked, id=15596, stack(0x000000a26f600000,0x000000a26f700000)]
  0x000001c356f90800 JavaThread "stderr" [_thread_in_native, id=13432, stack(0x000000a26f700000,0x000000a26f800000)]
  0x000001c356f8e000 JavaThread "stdout" [_thread_in_native, id=14536, stack(0x000000a26f800000,0x000000a26f900000)]
  0x000001c35bbd2000 JavaThread "ForkJoinPool-1-worker-3" daemon [_thread_blocked, id=10032, stack(0x000000a269100000,0x000000a269200000)]
  0x000001c35bbd2800 JavaThread "ForkJoinPool-1-worker-5" daemon [_thread_blocked, id=6024, stack(0x000000a26f900000,0x000000a26fa00000)]
  0x000001c35bbd0000 JavaThread "ForkJoinPool-1-worker-7" daemon [_thread_blocked, id=4376, stack(0x000000a26fa00000,0x000000a26fb00000)]
  0x000001c35bbd3800 JavaThread "ForkJoinPool-1-worker-1" daemon [_thread_blocked, id=19384, stack(0x000000a26fb00000,0x000000a26fc00000)]

Other Threads:
=>0x000001c35427f000 VMThread "VM Thread" [stack: 0x000000a269a00000,0x000000a269b00000] [id=6412]
  0x000001c354d74000 WatcherThread [stack: 0x000000a26a400000,0x000000a26a500000] [id=4524]
  0x000001c338745000 GCTaskThread "GC Thread#0" [stack: 0x000000a269500000,0x000000a269600000] [id=12552]
  0x000001c354e64800 GCTaskThread "GC Thread#1" [stack: 0x000000a26a600000,0x000000a26a700000] [id=7884]
  0x000001c354fc3800 GCTaskThread "GC Thread#2" [stack: 0x000000a26a700000,0x000000a26a800000] [id=14504]
  0x000001c356bfa000 GCTaskThread "GC Thread#3" [stack: 0x000000a26ac00000,0x000000a26ad00000] [id=9624]
  0x000001c338775800 ConcurrentGCThread "G1 Main Marker" [stack: 0x000000a269600000,0x000000a269700000] [id=10996]
  0x000001c338778000 ConcurrentGCThread "G1 Conc#0" [stack: 0x000000a269700000,0x000000a269800000] [id=10388]
  0x000001c338804800 ConcurrentGCThread "G1 Refine#0" [stack: 0x000000a269800000,0x000000a269900000] [id=11676]
  0x000001c338805800 ConcurrentGCThread "G1 Young RemSet Sampling" [stack: 0x000000a269900000,0x000000a269a00000] [id=14404]

Threads with active compile tasks:
C2 CompilerThread0  32340 11574       4       com.android.tools.r8.dex.j::e (664 bytes)
C2 CompilerThread1  32340 11692 %     4       com.android.tools.r8.code.y1::a @ 20 (4129 bytes)

VM state:at safepoint (normal execution)

VM Mutex/Monitor currently owned by a thread:  ([mutex/lock_event])
[0x000001c338728750] Threads_lock - owner thread: 0x000001c35427f000
[0x000001c338729950] Heap_lock - owner thread: 0x000001c35bbd0000

Heap address: 0x0000000080000000, size: 2048 MB, Compressed Oops mode: 32-bit
Narrow klass base: 0x0000000000000000, Narrow klass shift: 3
Compressed class space size: 1073741824 Address: 0x0000000100000000

Heap:
 garbage-first heap   total 272384K, used 185344K [0x0000000080000000, 0x0000000100000000)
  region size 1024K, 2 young (2048K), 2 survivors (2048K)
 Metaspace       used 93899K, capacity 96152K, committed 96512K, reserved 1132544K
  class space    used 12357K, capacity 13204K, committed 13312K, reserved 1048576K
Heap Regions: E=young(eden), S=young(survivor), O=old, HS=humongous(starts), HC=humongous(continues), CS=collection set, F=free, A=archive, TAMS=top-at-mark-start (previous, next)
|   0|0x0000000080000000, 0x0000000080100000, 0x0000000080100000|100%| O|  |TAMS 0x0000000080100000, 0x0000000080100000| Untracked 
|   1|0x0000000080100000, 0x0000000080200000, 0x0000000080200000|100%| O|  |TAMS 0x0000000080200000, 0x0000000080200000| Untracked 
|   2|0x0000000080200000, 0x0000000080300000, 0x0000000080300000|100%| O|  |TAMS 0x0000000080300000, 0x0000000080300000| Untracked 
|   3|0x0000000080300000, 0x0000000080400000, 0x0000000080400000|100%|HS|  |TAMS 0x0000000080400000, 0x0000000080400000| Complete 
|   4|0x0000000080400000, 0x0000000080500000, 0x0000000080500000|100%|HC|  |TAMS 0x0000000080500000, 0x0000000080500000| Complete 
|   5|0x0000000080500000, 0x0000000080600000, 0x0000000080600000|100%|HC|  |TAMS 0x0000000080600000, 0x0000000080600000| Complete 
|   6|0x0000000080600000, 0x0000000080700000, 0x0000000080700000|100%| O|  |TAMS 0x0000000080700000, 0x0000000080700000| Untracked 
|   7|0x0000000080700000, 0x0000000080800000, 0x0000000080800000|100%| O|  |TAMS 0x0000000080800000, 0x0000000080800000| Untracked 
|   8|0x0000000080800000, 0x0000000080900000, 0x0000000080900000|100%| O|  |TAMS 0x0000000080900000, 0x0000000080900000| Untracked 
|   9|0x0000000080900000, 0x0000000080a00000, 0x0000000080a00000|100%| O|  |TAMS 0x0000000080a00000, 0x0000000080a00000| Untracked 
|  10|0x0000000080a00000, 0x0000000080b00000, 0x0000000080b00000|100%| O|  |TAMS 0x0000000080b00000, 0x0000000080b00000| Untracked 
|  11|0x0000000080b00000, 0x0000000080c00000, 0x0000000080c00000|100%| O|  |TAMS 0x0000000080c00000, 0x0000000080c00000| Untracked 
|  12|0x0000000080c00000, 0x0000000080d00000, 0x0000000080d00000|100%| O|  |TAMS 0x0000000080d00000, 0x0000000080d00000| Untracked 
|  13|0x0000000080d00000, 0x0000000080e00000, 0x0000000080e00000|100%| O|  |TAMS 0x0000000080e00000, 0x0000000080e00000| Untracked 
|  14|0x0000000080e00000, 0x0000000080f00000, 0x0000000080f00000|100%| O|  |TAMS 0x0000000080f00000, 0x0000000080f00000| Untracked 
|  15|0x0000000080f00000, 0x0000000081000000, 0x0000000081000000|100%| O|  |TAMS 0x0000000081000000, 0x0000000081000000| Untracked 
|  16|0x0000000081000000, 0x0000000081100000, 0x0000000081100000|100%|HS|  |TAMS 0x0000000081100000, 0x0000000081100000| Complete 
|  17|0x0000000081100000, 0x0000000081200000, 0x0000000081200000|100%| O|  |TAMS 0x0000000081200000, 0x0000000081200000| Untracked 
|  18|0x0000000081200000, 0x0000000081300000, 0x0000000081300000|100%| O|  |TAMS 0x0000000081300000, 0x0000000081300000| Untracked 
|  19|0x0000000081300000, 0x0000000081400000, 0x0000000081400000|100%| O|  |TAMS 0x0000000081400000, 0x0000000081400000| Untracked 
|  20|0x0000000081400000, 0x0000000081500000, 0x0000000081500000|100%| O|  |TAMS 0x0000000081500000, 0x0000000081500000| Untracked 
|  21|0x0000000081500000, 0x0000000081600000, 0x0000000081600000|100%| O|  |TAMS 0x0000000081600000, 0x0000000081600000| Untracked 
|  22|0x0000000081600000, 0x0000000081700000, 0x0000000081700000|100%| O|  |TAMS 0x0000000081700000, 0x0000000081700000| Untracked 
|  23|0x0000000081700000, 0x0000000081800000, 0x0000000081800000|100%| O|  |TAMS 0x0000000081800000, 0x0000000081800000| Untracked 
|  24|0x0000000081800000, 0x0000000081900000, 0x0000000081900000|100%| O|  |TAMS 0x0000000081900000, 0x0000000081900000| Untracked 
|  25|0x0000000081900000, 0x0000000081a00000, 0x0000000081a00000|100%| O|  |TAMS 0x0000000081a00000, 0x0000000081a00000| Untracked 
|  26|0x0000000081a00000, 0x0000000081b00000, 0x0000000081b00000|100%| O|  |TAMS 0x0000000081b00000, 0x0000000081b00000| Untracked 
|  27|0x0000000081b00000, 0x0000000081c00000, 0x0000000081c00000|100%|HS|  |TAMS 0x0000000081c00000, 0x0000000081c00000| Complete 
|  28|0x0000000081c00000, 0x0000000081d00000, 0x0000000081d00000|100%| O|  |TAMS 0x0000000081d00000, 0x0000000081d00000| Untracked 
|  29|0x0000000081d00000, 0x0000000081e00000, 0x0000000081e00000|100%|HS|  |TAMS 0x0000000081e00000, 0x0000000081e00000| Complete 
|  30|0x0000000081e00000, 0x0000000081f00000, 0x0000000081f00000|100%|HC|  |TAMS 0x0000000081f00000, 0x0000000081f00000| Complete 
|  31|0x0000000081f00000, 0x0000000082000000, 0x0000000082000000|100%| O|  |TAMS 0x0000000082000000, 0x0000000082000000| Untracked 
|  32|0x0000000082000000, 0x0000000082100000, 0x0000000082100000|100%| O|  |TAMS 0x0000000082100000, 0x0000000082100000| Untracked 
|  33|0x0000000082100000, 0x0000000082200000, 0x0000000082200000|100%| O|  |TAMS 0x0000000082200000, 0x0000000082200000| Untracked 
|  34|0x0000000082200000, 0x0000000082300000, 0x0000000082300000|100%| O|  |TAMS 0x0000000082300000, 0x0000000082300000| Untracked 
|  35|0x0000000082300000, 0x0000000082400000, 0x0000000082400000|100%| O|  |TAMS 0x0000000082400000, 0x0000000082400000| Untracked 
|  36|0x0000000082400000, 0x0000000082500000, 0x0000000082500000|100%| O|  |TAMS 0x0000000082500000, 0x0000000082500000| Untracked 
|  37|0x0000000082500000, 0x0000000082600000, 0x0000000082600000|100%| O|  |TAMS 0x0000000082600000, 0x0000000082600000| Untracked 
|  38|0x0000000082600000, 0x0000000082700000, 0x0000000082700000|100%| O|  |TAMS 0x0000000082700000, 0x0000000082700000| Untracked 
|  39|0x0000000082700000, 0x0000000082800000, 0x0000000082800000|100%| O|  |TAMS 0x0000000082800000, 0x0000000082800000| Untracked 
|  40|0x0000000082800000, 0x0000000082900000, 0x0000000082900000|100%| O|  |TAMS 0x0000000082900000, 0x0000000082900000| Untracked 
|  41|0x0000000082900000, 0x0000000082a00000, 0x0000000082a00000|100%| O|  |TAMS 0x0000000082a00000, 0x0000000082a00000| Untracked 
|  42|0x0000000082a00000, 0x0000000082b00000, 0x0000000082b00000|100%| O|  |TAMS 0x0000000082b00000, 0x0000000082b00000| Untracked 
|  43|0x0000000082b00000, 0x0000000082c00000, 0x0000000082c00000|100%| O|  |TAMS 0x0000000082c00000, 0x0000000082c00000| Untracked 
|  44|0x0000000082c00000, 0x0000000082d00000, 0x0000000082d00000|100%| O|  |TAMS 0x0000000082d00000, 0x0000000082d00000| Untracked 
|  45|0x0000000082d00000, 0x0000000082e00000, 0x0000000082e00000|100%| O|  |TAMS 0x0000000082e00000, 0x0000000082e00000| Untracked 
|  46|0x0000000082e00000, 0x0000000082f00000, 0x0000000082f00000|100%| O|  |TAMS 0x0000000082f00000, 0x0000000082f00000| Untracked 
|  47|0x0000000082f00000, 0x0000000083000000, 0x0000000083000000|100%| O|  |TAMS 0x0000000083000000, 0x0000000083000000| Untracked 
|  48|0x0000000083000000, 0x0000000083100000, 0x0000000083100000|100%| O|  |TAMS 0x0000000083100000, 0x0000000083100000| Untracked 
|  49|0x0000000083100000, 0x0000000083200000, 0x0000000083200000|100%| O|  |TAMS 0x0000000083200000, 0x0000000083200000| Untracked 
|  50|0x0000000083200000, 0x0000000083300000, 0x0000000083300000|100%| O|  |TAMS 0x0000000083300000, 0x0000000083300000| Untracked 
|  51|0x0000000083300000, 0x0000000083400000, 0x0000000083400000|100%| O|  |TAMS 0x0000000083400000, 0x0000000083400000| Untracked 
|  52|0x0000000083400000, 0x0000000083500000, 0x0000000083500000|100%| O|  |TAMS 0x0000000083500000, 0x0000000083500000| Untracked 
|  53|0x0000000083500000, 0x0000000083600000, 0x0000000083600000|100%| O|  |TAMS 0x0000000083600000, 0x0000000083600000| Untracked 
|  54|0x0000000083600000, 0x0000000083700000, 0x0000000083700000|100%| O|  |TAMS 0x0000000083700000, 0x0000000083700000| Untracked 
|  55|0x0000000083700000, 0x0000000083800000, 0x0000000083800000|100%| O|  |TAMS 0x0000000083800000, 0x0000000083800000| Untracked 
|  56|0x0000000083800000, 0x0000000083900000, 0x0000000083900000|100%| O|  |TAMS 0x0000000083900000, 0x0000000083900000| Untracked 
|  57|0x0000000083900000, 0x0000000083a00000, 0x0000000083a00000|100%| O|  |TAMS 0x0000000083a00000, 0x0000000083a00000| Untracked 
|  58|0x0000000083a00000, 0x0000000083b00000, 0x0000000083b00000|100%| O|  |TAMS 0x0000000083b00000, 0x0000000083b00000| Untracked 
|  59|0x0000000083b00000, 0x0000000083c00000, 0x0000000083c00000|100%| O|  |TAMS 0x0000000083c00000, 0x0000000083c00000| Untracked 
|  60|0x0000000083c00000, 0x0000000083d00000, 0x0000000083d00000|100%| O|  |TAMS 0x0000000083d00000, 0x0000000083d00000| Untracked 
|  61|0x0000000083d00000, 0x0000000083e00000, 0x0000000083e00000|100%| O|  |TAMS 0x0000000083e00000, 0x0000000083e00000| Untracked 
|  62|0x0000000083e00000, 0x0000000083f00000, 0x0000000083f00000|100%| O|  |TAMS 0x0000000083f00000, 0x0000000083f00000| Untracked 
|  63|0x0000000083f00000, 0x0000000084000000, 0x0000000084000000|100%| O|  |TAMS 0x0000000084000000, 0x0000000084000000| Untracked 
|  64|0x0000000084000000, 0x0000000084100000, 0x0000000084100000|100%| O|  |TAMS 0x0000000084100000, 0x0000000084100000| Untracked 
|  65|0x0000000084100000, 0x0000000084200000, 0x0000000084200000|100%| O|  |TAMS 0x0000000084200000, 0x0000000084200000| Untracked 
|  66|0x0000000084200000, 0x0000000084300000, 0x0000000084300000|100%| O|  |TAMS 0x0000000084300000, 0x0000000084300000| Untracked 
|  67|0x0000000084300000, 0x0000000084400000, 0x0000000084400000|100%| O|  |TAMS 0x0000000084400000, 0x0000000084400000| Untracked 
|  68|0x0000000084400000, 0x0000000084500000, 0x0000000084500000|100%| O|  |TAMS 0x0000000084500000, 0x0000000084500000| Untracked 
|  69|0x0000000084500000, 0x0000000084600000, 0x0000000084600000|100%| O|  |TAMS 0x0000000084600000, 0x0000000084600000| Untracked 
|  70|0x0000000084600000, 0x0000000084700000, 0x0000000084700000|100%| O|  |TAMS 0x0000000084700000, 0x0000000084700000| Untracked 
|  71|0x0000000084700000, 0x0000000084800000, 0x0000000084800000|100%| O|  |TAMS 0x0000000084800000, 0x0000000084800000| Untracked 
|  72|0x0000000084800000, 0x0000000084900000, 0x0000000084900000|100%| O|  |TAMS 0x0000000084900000, 0x0000000084900000| Untracked 
|  73|0x0000000084900000, 0x0000000084a00000, 0x0000000084a00000|100%| O|  |TAMS 0x0000000084a00000, 0x0000000084a00000| Untracked 
|  74|0x0000000084a00000, 0x0000000084b00000, 0x0000000084b00000|100%|HS|  |TAMS 0x0000000084b00000, 0x0000000084b00000| Complete 
|  75|0x0000000084b00000, 0x0000000084c00000, 0x0000000084c00000|100%|HC|  |TAMS 0x0000000084c00000, 0x0000000084c00000| Complete 
|  76|0x0000000084c00000, 0x0000000084d00000, 0x0000000084d00000|100%|HS|  |TAMS 0x0000000084d00000, 0x0000000084d00000| Complete 
|  77|0x0000000084d00000, 0x0000000084e00000, 0x0000000084e00000|100%|HS|  |TAMS 0x0000000084e00000, 0x0000000084e00000| Complete 
|  78|0x0000000084e00000, 0x0000000084f00000, 0x0000000084f00000|100%|HS|  |TAMS 0x0000000084f00000, 0x0000000084f00000| Complete 
|  79|0x0000000084f00000, 0x0000000085000000, 0x0000000085000000|100%|HS|  |TAMS 0x0000000085000000, 0x0000000085000000| Complete 
|  80|0x0000000085000000, 0x0000000085100000, 0x0000000085100000|100%|HC|  |TAMS 0x0000000085100000, 0x0000000085100000| Complete 
|  81|0x0000000085100000, 0x0000000085200000, 0x0000000085200000|100%|HS|  |TAMS 0x0000000085200000, 0x0000000085200000| Complete 
|  82|0x0000000085200000, 0x0000000085300000, 0x0000000085300000|100%|HC|  |TAMS 0x0000000085300000, 0x0000000085300000| Complete 
|  83|0x0000000085300000, 0x0000000085400000, 0x0000000085400000|100%| O|  |TAMS 0x0000000085400000, 0x0000000085400000| Untracked 
|  84|0x0000000085400000, 0x0000000085500000, 0x0000000085500000|100%| O|  |TAMS 0x0000000085500000, 0x0000000085500000| Untracked 
|  85|0x0000000085500000, 0x0000000085600000, 0x0000000085600000|100%| O|  |TAMS 0x0000000085600000, 0x0000000085600000| Untracked 
|  86|0x0000000085600000, 0x0000000085700000, 0x0000000085700000|100%| O|  |TAMS 0x0000000085700000, 0x0000000085700000| Untracked 
|  87|0x0000000085700000, 0x0000000085800000, 0x0000000085800000|100%|HS|  |TAMS 0x0000000085800000, 0x0000000085800000| Complete 
|  88|0x0000000085800000, 0x0000000085900000, 0x0000000085900000|100%|HC|  |TAMS 0x0000000085900000, 0x0000000085900000| Complete 
|  89|0x0000000085900000, 0x0000000085a00000, 0x0000000085a00000|100%|HC|  |TAMS 0x0000000085a00000, 0x0000000085a00000| Complete 
|  90|0x0000000085a00000, 0x0000000085b00000, 0x0000000085b00000|100%| O|  |TAMS 0x0000000085b00000, 0x0000000085b00000| Untracked 
|  91|0x0000000085b00000, 0x0000000085c00000, 0x0000000085c00000|100%| O|  |TAMS 0x0000000085c00000, 0x0000000085c00000| Untracked 
|  92|0x0000000085c00000, 0x0000000085d00000, 0x0000000085d00000|100%| O|  |TAMS 0x0000000085d00000, 0x0000000085d00000| Untracked 
|  93|0x0000000085d00000, 0x0000000085e00000, 0x0000000085e00000|100%| O|  |TAMS 0x0000000085e00000, 0x0000000085e00000| Untracked 
|  94|0x0000000085e00000, 0x0000000085f00000, 0x0000000085f00000|100%| O|  |TAMS 0x0000000085f00000, 0x0000000085f00000| Untracked 
|  95|0x0000000085f00000, 0x0000000086000000, 0x0000000086000000|100%| O|  |TAMS 0x0000000086000000, 0x0000000086000000| Untracked 
|  96|0x0000000086000000, 0x0000000086100000, 0x0000000086100000|100%| O|  |TAMS 0x0000000086100000, 0x0000000086100000| Untracked 
|  97|0x0000000086100000, 0x0000000086200000, 0x0000000086200000|100%| O|  |TAMS 0x0000000086200000, 0x0000000086200000| Untracked 
|  98|0x0000000086200000, 0x0000000086300000, 0x0000000086300000|100%| O|  |TAMS 0x0000000086300000, 0x0000000086300000| Untracked 
|  99|0x0000000086300000, 0x0000000086400000, 0x0000000086400000|100%| O|  |TAMS 0x0000000086400000, 0x0000000086400000| Untracked 
| 100|0x0000000086400000, 0x0000000086500000, 0x0000000086500000|100%| O|  |TAMS 0x0000000086500000, 0x0000000086500000| Untracked 
| 101|0x0000000086500000, 0x0000000086600000, 0x0000000086600000|100%| O|  |TAMS 0x0000000086600000, 0x0000000086600000| Untracked 
| 102|0x0000000086600000, 0x0000000086700000, 0x0000000086700000|100%|HS|  |TAMS 0x0000000086700000, 0x0000000086700000| Complete 
| 103|0x0000000086700000, 0x0000000086800000, 0x0000000086800000|100%|HC|  |TAMS 0x0000000086800000, 0x0000000086800000| Complete 
| 104|0x0000000086800000, 0x0000000086900000, 0x0000000086900000|100%| O|  |TAMS 0x0000000086900000, 0x0000000086900000| Untracked 
| 105|0x0000000086900000, 0x0000000086a00000, 0x0000000086a00000|100%|HS|  |TAMS 0x0000000086a00000, 0x0000000086a00000| Complete 
| 106|0x0000000086a00000, 0x0000000086b00000, 0x0000000086b00000|100%| O|  |TAMS 0x0000000086b00000, 0x0000000086b00000| Untracked 
| 107|0x0000000086b00000, 0x0000000086c00000, 0x0000000086c00000|100%|HS|  |TAMS 0x0000000086c00000, 0x0000000086c00000| Complete 
| 108|0x0000000086c00000, 0x0000000086d00000, 0x0000000086d00000|100%| O|  |TAMS 0x0000000086d00000, 0x0000000086d00000| Untracked 
| 109|0x0000000086d00000, 0x0000000086e00000, 0x0000000086e00000|100%|HS|  |TAMS 0x0000000086e00000, 0x0000000086e00000| Complete 
| 110|0x0000000086e00000, 0x0000000086f00000, 0x0000000086f00000|100%| O|  |TAMS 0x0000000086f00000, 0x0000000086f00000| Untracked 
| 111|0x0000000086f00000, 0x0000000087000000, 0x0000000087000000|100%| O|  |TAMS 0x0000000087000000, 0x0000000087000000| Untracked 
| 112|0x0000000087000000, 0x0000000087100000, 0x0000000087100000|100%| O|  |TAMS 0x0000000087100000, 0x0000000087100000| Untracked 
| 113|0x0000000087100000, 0x0000000087200000, 0x0000000087200000|100%|HS|  |TAMS 0x0000000087200000, 0x0000000087200000| Complete 
| 114|0x0000000087200000, 0x0000000087300000, 0x0000000087300000|100%|HC|  |TAMS 0x0000000087300000, 0x0000000087300000| Complete 
| 115|0x0000000087300000, 0x0000000087400000, 0x0000000087400000|100%| O|  |TAMS 0x0000000087400000, 0x0000000087400000| Untracked 
| 116|0x0000000087400000, 0x0000000087500000, 0x0000000087500000|100%|HS|  |TAMS 0x0000000087500000, 0x0000000087500000| Complete 
| 117|0x0000000087500000, 0x0000000087600000, 0x0000000087600000|100%|HS|  |TAMS 0x0000000087600000, 0x0000000087600000| Complete 
| 118|0x0000000087600000, 0x0000000087700000, 0x0000000087700000|100%|HS|  |TAMS 0x0000000087700000, 0x0000000087700000| Complete 
| 119|0x0000000087700000, 0x0000000087800000, 0x0000000087800000|100%|HC|  |TAMS 0x0000000087800000, 0x0000000087800000| Complete 
| 120|0x0000000087800000, 0x0000000087900000, 0x0000000087900000|100%| O|  |TAMS 0x0000000087900000, 0x0000000087900000| Untracked 
| 121|0x0000000087900000, 0x0000000087a00000, 0x0000000087a00000|100%| O|  |TAMS 0x0000000087a00000, 0x0000000087a00000| Untracked 
| 122|0x0000000087a00000, 0x0000000087b00000, 0x0000000087b00000|100%| O|  |TAMS 0x0000000087b00000, 0x0000000087b00000| Untracked 
| 123|0x0000000087b00000, 0x0000000087c00000, 0x0000000087c00000|100%| O|  |TAMS 0x0000000087c00000, 0x0000000087c00000| Untracked 
| 124|0x0000000087c00000, 0x0000000087d00000, 0x0000000087d00000|100%| O|  |TAMS 0x0000000087d00000, 0x0000000087d00000| Untracked 
| 125|0x0000000087d00000, 0x0000000087e00000, 0x0000000087e00000|100%| O|  |TAMS 0x0000000087e00000, 0x0000000087e00000| Untracked 
| 126|0x0000000087e00000, 0x0000000087f00000, 0x0000000087f00000|100%|HS|  |TAMS 0x0000000087f00000, 0x0000000087f00000| Complete 
| 127|0x0000000087f00000, 0x0000000088000000, 0x0000000088000000|100%|HC|  |TAMS 0x0000000088000000, 0x0000000088000000| Complete 
| 128|0x0000000088000000, 0x0000000088100000, 0x0000000088100000|100%|HC|  |TAMS 0x0000000088100000, 0x0000000088100000| Complete 
| 129|0x0000000088100000, 0x0000000088200000, 0x0000000088200000|100%| O|  |TAMS 0x0000000088200000, 0x0000000088200000| Untracked 
| 130|0x0000000088200000, 0x0000000088300000, 0x0000000088300000|100%| O|  |TAMS 0x0000000088300000, 0x0000000088300000| Untracked 
| 131|0x0000000088300000, 0x0000000088400000, 0x0000000088400000|100%| O|  |TAMS 0x0000000088400000, 0x0000000088400000| Untracked 
| 132|0x0000000088400000, 0x0000000088500000, 0x0000000088500000|100%| O|  |TAMS 0x0000000088500000, 0x0000000088500000| Untracked 
| 133|0x0000000088500000, 0x0000000088600000, 0x0000000088600000|100%| O|  |TAMS 0x0000000088600000, 0x0000000088600000| Untracked 
| 134|0x0000000088600000, 0x0000000088700000, 0x0000000088700000|100%| O|  |TAMS 0x0000000088700000, 0x0000000088700000| Untracked 
| 135|0x0000000088700000, 0x0000000088800000, 0x0000000088800000|100%| O|  |TAMS 0x0000000088800000, 0x0000000088800000| Untracked 
| 136|0x0000000088800000, 0x0000000088900000, 0x0000000088900000|100%| O|  |TAMS 0x0000000088900000, 0x0000000088900000| Untracked 
| 137|0x0000000088900000, 0x0000000088a00000, 0x0000000088a00000|100%| O|  |TAMS 0x0000000088a00000, 0x0000000088a00000| Untracked 
| 138|0x0000000088a00000, 0x0000000088b00000, 0x0000000088b00000|100%| O|  |TAMS 0x0000000088b00000, 0x0000000088b00000| Untracked 
| 139|0x0000000088b00000, 0x0000000088c00000, 0x0000000088c00000|100%| O|  |TAMS 0x0000000088c00000, 0x0000000088c00000| Untracked 
| 140|0x0000000088c00000, 0x0000000088d00000, 0x0000000088d00000|100%| O|  |TAMS 0x0000000088d00000, 0x0000000088d00000| Untracked 
| 141|0x0000000088d00000, 0x0000000088e00000, 0x0000000088e00000|100%| O|  |TAMS 0x0000000088e00000, 0x0000000088e00000| Untracked 
| 142|0x0000000088e00000, 0x0000000088f00000, 0x0000000088f00000|100%| O|  |TAMS 0x0000000088f00000, 0x0000000088f00000| Untracked 
| 143|0x0000000088f00000, 0x0000000089000000, 0x0000000089000000|100%| O|  |TAMS 0x0000000089000000, 0x0000000089000000| Untracked 
| 144|0x0000000089000000, 0x0000000089100000, 0x0000000089100000|100%| O|  |TAMS 0x0000000089100000, 0x0000000089100000| Untracked 
| 145|0x0000000089100000, 0x0000000089200000, 0x0000000089200000|100%| O|  |TAMS 0x0000000089200000, 0x0000000089200000| Untracked 
| 146|0x0000000089200000, 0x0000000089300000, 0x0000000089300000|100%| O|  |TAMS 0x0000000089300000, 0x0000000089300000| Untracked 
| 147|0x0000000089300000, 0x0000000089400000, 0x0000000089400000|100%| O|  |TAMS 0x0000000089400000, 0x0000000089400000| Untracked 
| 148|0x0000000089400000, 0x0000000089500000, 0x0000000089500000|100%| O|  |TAMS 0x000000008943cc00, 0x0000000089500000| Untracked 
| 149|0x0000000089500000, 0x0000000089600000, 0x0000000089600000|100%| O|  |TAMS 0x0000000089500000, 0x0000000089600000| Untracked 
| 150|0x0000000089600000, 0x0000000089700000, 0x0000000089700000|100%| O|  |TAMS 0x0000000089600000, 0x0000000089700000| Untracked 
| 151|0x0000000089700000, 0x0000000089800000, 0x0000000089800000|100%| O|  |TAMS 0x0000000089700000, 0x0000000089800000| Untracked 
| 152|0x0000000089800000, 0x0000000089900000, 0x0000000089900000|100%| O|  |TAMS 0x0000000089800000, 0x0000000089900000| Untracked 
| 153|0x0000000089900000, 0x0000000089a00000, 0x0000000089a00000|100%| O|  |TAMS 0x0000000089900000, 0x0000000089a00000| Untracked 
| 154|0x0000000089a00000, 0x0000000089b00000, 0x0000000089b00000|100%| O|  |TAMS 0x0000000089a00000, 0x0000000089b00000| Untracked 
| 155|0x0000000089b00000, 0x0000000089c00000, 0x0000000089c00000|100%| O|  |TAMS 0x0000000089b00000, 0x0000000089c00000| Untracked 
| 156|0x0000000089c00000, 0x0000000089d00000, 0x0000000089d00000|100%| O|  |TAMS 0x0000000089c00000, 0x0000000089d00000| Untracked 
| 157|0x0000000089d00000, 0x0000000089e00000, 0x0000000089e00000|100%| O|  |TAMS 0x0000000089d00000, 0x0000000089e00000| Untracked 
| 158|0x0000000089e00000, 0x0000000089f00000, 0x0000000089f00000|100%| O|  |TAMS 0x0000000089e00000, 0x0000000089f00000| Untracked 
| 159|0x0000000089f00000, 0x000000008a000000, 0x000000008a000000|100%| O|  |TAMS 0x0000000089f00000, 0x000000008a000000| Untracked 
| 160|0x000000008a000000, 0x000000008a100000, 0x000000008a100000|100%| O|  |TAMS 0x000000008a000000, 0x000000008a100000| Untracked 
| 161|0x000000008a100000, 0x000000008a200000, 0x000000008a200000|100%| O|  |TAMS 0x000000008a100000, 0x000000008a200000| Untracked 
| 162|0x000000008a200000, 0x000000008a300000, 0x000000008a300000|100%| O|  |TAMS 0x000000008a200000, 0x000000008a300000| Untracked 
| 163|0x000000008a300000, 0x000000008a400000, 0x000000008a400000|100%| O|  |TAMS 0x000000008a300000, 0x000000008a400000| Untracked 
| 164|0x000000008a400000, 0x000000008a500000, 0x000000008a500000|100%| O|  |TAMS 0x000000008a400000, 0x000000008a500000| Untracked 
| 165|0x000000008a500000, 0x000000008a600000, 0x000000008a600000|100%| O|  |TAMS 0x000000008a500000, 0x000000008a600000| Untracked 
| 166|0x000000008a600000, 0x000000008a700000, 0x000000008a700000|100%| O|  |TAMS 0x000000008a600000, 0x000000008a700000| Untracked 
| 167|0x000000008a700000, 0x000000008a800000, 0x000000008a800000|100%| O|  |TAMS 0x000000008a700000, 0x000000008a800000| Untracked 
| 168|0x000000008a800000, 0x000000008a900000, 0x000000008a900000|100%| O|  |TAMS 0x000000008a800000, 0x000000008a900000| Untracked 
| 169|0x000000008a900000, 0x000000008aa00000, 0x000000008aa00000|100%| O|  |TAMS 0x000000008a900000, 0x000000008aa00000| Untracked 
| 170|0x000000008aa00000, 0x000000008ab00000, 0x000000008ab00000|100%| O|  |TAMS 0x000000008aa00000, 0x000000008ab00000| Untracked 
| 171|0x000000008ab00000, 0x000000008ac00000, 0x000000008ac00000|100%| O|  |TAMS 0x000000008ab00000, 0x000000008ac00000| Untracked 
| 172|0x000000008ac00000, 0x000000008ad00000, 0x000000008ad00000|100%| O|  |TAMS 0x000000008ac00000, 0x000000008ad00000| Untracked 
| 173|0x000000008ad00000, 0x000000008ae00000, 0x000000008ae00000|100%| O|  |TAMS 0x000000008ad00000, 0x000000008adc4200| Untracked 
| 174|0x000000008ae00000, 0x000000008af00000, 0x000000008af00000|100%| O|  |TAMS 0x000000008ae00000, 0x000000008ae00000| Untracked 
| 175|0x000000008af00000, 0x000000008b000000, 0x000000008b000000|100%| O|  |TAMS 0x000000008af00000, 0x000000008af00000| Untracked 
| 176|0x000000008b000000, 0x000000008b100000, 0x000000008b100000|100%| O|  |TAMS 0x000000008b000000, 0x000000008b000000| Untracked 
| 177|0x000000008b100000, 0x000000008b200000, 0x000000008b200000|100%| O|  |TAMS 0x000000008b100000, 0x000000008b100000| Untracked 
| 178|0x000000008b200000, 0x000000008b300000, 0x000000008b300000|100%| O|  |TAMS 0x000000008b200000, 0x000000008b200000| Untracked 
| 179|0x000000008b300000, 0x000000008b300000, 0x000000008b400000|  0%| F|  |TAMS 0x000000008b300000, 0x000000008b300000| Untracked 
| 180|0x000000008b400000, 0x000000008b400000, 0x000000008b500000|  0%| F|  |TAMS 0x000000008b400000, 0x000000008b400000| Untracked 
| 181|0x000000008b500000, 0x000000008b500000, 0x000000008b600000|  0%| F|  |TAMS 0x000000008b500000, 0x000000008b500000| Untracked 
| 182|0x000000008b600000, 0x000000008b600000, 0x000000008b700000|  0%| F|  |TAMS 0x000000008b600000, 0x000000008b600000| Untracked 
| 183|0x000000008b700000, 0x000000008b700000, 0x000000008b800000|  0%| F|  |TAMS 0x000000008b700000, 0x000000008b700000| Untracked 
| 184|0x000000008b800000, 0x000000008b800000, 0x000000008b900000|  0%| F|  |TAMS 0x000000008b800000, 0x000000008b800000| Untracked 
| 185|0x000000008b900000, 0x000000008b900000, 0x000000008ba00000|  0%| F|  |TAMS 0x000000008b900000, 0x000000008b900000| Untracked 
| 186|0x000000008ba00000, 0x000000008ba00000, 0x000000008bb00000|  0%| F|  |TAMS 0x000000008ba00000, 0x000000008ba00000| Untracked 
| 187|0x000000008bb00000, 0x000000008bb00000, 0x000000008bc00000|  0%| F|  |TAMS 0x000000008bb00000, 0x000000008bb00000| Untracked 
| 188|0x000000008bc00000, 0x000000008bc00000, 0x000000008bd00000|  0%| F|  |TAMS 0x000000008bc00000, 0x000000008bc00000| Untracked 
| 189|0x000000008bd00000, 0x000000008bd00000, 0x000000008be00000|  0%| F|  |TAMS 0x000000008bd00000, 0x000000008bd00000| Untracked 
| 190|0x000000008be00000, 0x000000008be00000, 0x000000008bf00000|  0%| F|  |TAMS 0x000000008be00000, 0x000000008be00000| Untracked 
| 191|0x000000008bf00000, 0x000000008bf00000, 0x000000008c000000|  0%| F|  |TAMS 0x000000008bf00000, 0x000000008bf00000| Untracked 
| 192|0x000000008c000000, 0x000000008c000000, 0x000000008c100000|  0%| F|  |TAMS 0x000000008c000000, 0x000000008c000000| Untracked 
| 193|0x000000008c100000, 0x000000008c100000, 0x000000008c200000|  0%| F|  |TAMS 0x000000008c100000, 0x000000008c100000| Untracked 
| 194|0x000000008c200000, 0x000000008c200000, 0x000000008c300000|  0%| F|  |TAMS 0x000000008c200000, 0x000000008c200000| Untracked 
| 195|0x000000008c300000, 0x000000008c300000, 0x000000008c400000|  0%| F|  |TAMS 0x000000008c300000, 0x000000008c300000| Untracked 
| 196|0x000000008c400000, 0x000000008c400000, 0x000000008c500000|  0%| F|  |TAMS 0x000000008c400000, 0x000000008c400000| Untracked 
| 197|0x000000008c500000, 0x000000008c500000, 0x000000008c600000|  0%| F|  |TAMS 0x000000008c500000, 0x000000008c500000| Untracked 
| 198|0x000000008c600000, 0x000000008c600000, 0x000000008c700000|  0%| F|  |TAMS 0x000000008c600000, 0x000000008c600000| Untracked 
| 199|0x000000008c700000, 0x000000008c700000, 0x000000008c800000|  0%| F|  |TAMS 0x000000008c700000, 0x000000008c700000| Untracked 
| 200|0x000000008c800000, 0x000000008c800000, 0x000000008c900000|  0%| F|  |TAMS 0x000000008c800000, 0x000000008c800000| Untracked 
| 201|0x000000008c900000, 0x000000008c900000, 0x000000008ca00000|  0%| F|  |TAMS 0x000000008c900000, 0x000000008c900000| Untracked 
| 202|0x000000008ca00000, 0x000000008ca00000, 0x000000008cb00000|  0%| F|  |TAMS 0x000000008ca00000, 0x000000008ca00000| Untracked 
| 203|0x000000008cb00000, 0x000000008cb00000, 0x000000008cc00000|  0%| F|  |TAMS 0x000000008cb00000, 0x000000008cb00000| Untracked 
| 204|0x000000008cc00000, 0x000000008cc00000, 0x000000008cd00000|  0%| F|  |TAMS 0x000000008cc00000, 0x000000008cc00000| Untracked 
| 205|0x000000008cd00000, 0x000000008cd00000, 0x000000008ce00000|  0%| F|  |TAMS 0x000000008cd00000, 0x000000008cd00000| Untracked 
| 206|0x000000008ce00000, 0x000000008ce00000, 0x000000008cf00000|  0%| F|  |TAMS 0x000000008ce00000, 0x000000008ce00000| Untracked 
| 207|0x000000008cf00000, 0x000000008cf00000, 0x000000008d000000|  0%| F|  |TAMS 0x000000008cf00000, 0x000000008cf00000| Untracked 
| 208|0x000000008d000000, 0x000000008d100000, 0x000000008d100000|100%| S|CS|TAMS 0x000000008d000000, 0x000000008d000000| Complete 
| 209|0x000000008d100000, 0x000000008d200000, 0x000000008d200000|100%| S|CS|TAMS 0x000000008d100000, 0x000000008d100000| Complete 
| 210|0x000000008d200000, 0x000000008d200000, 0x000000008d300000|  0%| F|  |TAMS 0x000000008d200000, 0x000000008d200000| Untracked 
| 211|0x000000008d300000, 0x000000008d300000, 0x000000008d400000|  0%| F|  |TAMS 0x000000008d300000, 0x000000008d300000| Untracked 
| 212|0x000000008d400000, 0x000000008d400000, 0x000000008d500000|  0%| F|  |TAMS 0x000000008d400000, 0x000000008d400000| Untracked 
| 213|0x000000008d500000, 0x000000008d500000, 0x000000008d600000|  0%| F|  |TAMS 0x000000008d500000, 0x000000008d500000| Untracked 
| 214|0x000000008d600000, 0x000000008d600000, 0x000000008d700000|  0%| F|  |TAMS 0x000000008d600000, 0x000000008d600000| Untracked 
| 215|0x000000008d700000, 0x000000008d700000, 0x000000008d800000|  0%| F|  |TAMS 0x000000008d700000, 0x000000008d700000| Untracked 
| 216|0x000000008d800000, 0x000000008d800000, 0x000000008d900000|  0%| F|  |TAMS 0x000000008d800000, 0x000000008d800000| Untracked 
| 217|0x000000008d900000, 0x000000008d900000, 0x000000008da00000|  0%| F|  |TAMS 0x000000008d900000, 0x000000008d900000| Untracked 
| 218|0x000000008da00000, 0x000000008da00000, 0x000000008db00000|  0%| F|  |TAMS 0x000000008da00000, 0x000000008da00000| Untracked 
| 219|0x000000008db00000, 0x000000008db00000, 0x000000008dc00000|  0%| F|  |TAMS 0x000000008db00000, 0x000000008db00000| Untracked 

Card table byte_map: [0x000001c34d440000,0x000001c34d840000] _byte_map_base: 0x000001c34d040000

Marking Bits (Prev, Next): (CMBitMap*) 0x000001c33876cb58, (CMBitMap*) 0x000001c33876cb90
 Prev Bits: [0x000001c34dc40000, 0x000001c34fc40000)
 Next Bits: [0x000001c34fc40000, 0x000001c351c40000)

Polling page: 0x000001c338810000

Metaspace:

Usage:
  Non-class:     81.00 MB capacity,    79.63 MB ( 98%) used,     1.11 MB (  1%) free+waste,   268.56 KB ( <1%) overhead. 
      Class:     12.89 MB capacity,    12.07 MB ( 94%) used,   725.25 KB (  5%) free+waste,   121.06 KB ( <1%) overhead. 
       Both:     93.90 MB capacity,    91.70 MB ( 98%) used,     1.82 MB (  2%) free+waste,   389.63 KB ( <1%) overhead. 

Virtual space:
  Non-class space:       82.00 MB reserved,      81.25 MB (>99%) committed 
      Class space:        1.00 GB reserved,      13.00 MB (  1%) committed 
             Both:        1.08 GB reserved,      94.25 MB (  9%) committed 

Chunk freelists:
   Non-Class:  0 bytes
       Class:  12.00 KB
        Both:  12.00 KB

MaxMetaspaceSize: 17179869184.00 GB
CompressedClassSpaceSize: 1.00 GB
Initial GC threshold: 20.80 MB
Current GC threshold: 157.09 MB
CDS: off

CodeHeap 'non-profiled nmethods': size=120064Kb used=7315Kb max_used=7315Kb free=112749Kb
 bounds [0x000001c3454d0000, 0x000001c345c00000, 0x000001c34ca10000]
CodeHeap 'profiled nmethods': size=120000Kb used=25641Kb max_used=25641Kb free=94358Kb
 bounds [0x000001c33dfa0000, 0x000001c33f8b0000, 0x000001c3454d0000]
CodeHeap 'non-nmethods': size=5696Kb used=2403Kb max_used=2454Kb free=3292Kb
 bounds [0x000001c33da10000, 0x000001c33dc80000, 0x000001c33dfa0000]
 total_blobs=12525 nmethods=11609 adapters=828
 compilation: enabled
              stopped_count=0, restarted_count=0
 full_count=0

Compilation events (20 events):
Event: 32.170 Thread 0x000001c3542a6000 11703       2       com.android.tools.r8.code.f::<init> (7 bytes)
Event: 32.170 Thread 0x000001c3542a6000 nmethod 11703 0x000001c33f8a5a10 code [0x000001c33f8a5be0, 0x000001c33f8a5e18]
Event: 32.171 Thread 0x000001c3542a6000 11704       2       com.android.tools.r8.code.r::<init> (7 bytes)
Event: 32.172 Thread 0x000001c3542a6000 nmethod 11704 0x000001c33f8a6010 code [0x000001c33f8a61c0, 0x000001c33f8a6318]
Event: 32.179 Thread 0x000001c3542a6000 11705       2       com.android.tools.r8.graph.z::d (73 bytes)
Event: 32.180 Thread 0x000001c3542a6000 nmethod 11705 0x000001c33f8a6410 code [0x000001c33f8a6640, 0x000001c33f8a6b58]
Event: 32.203 Thread 0x000001c3542a6000 11706       2       com.android.tools.r8.code.l0::<init> (7 bytes)
Event: 32.203 Thread 0x000001c3542a6000 nmethod 11706 0x000001c33f8a6f10 code [0x000001c33f8a70c0, 0x000001c33f8a7218]
Event: 32.213 Thread 0x000001c3542a6000 11709       2       com.android.tools.r8.code.F3::<init> (85 bytes)
Event: 32.214 Thread 0x000001c3542a6000 nmethod 11709 0x000001c33f8a7310 code [0x000001c33f8a7540, 0x000001c33f8a7c68]
Event: 32.258 Thread 0x000001c3542a6000 11712       2       com.android.tools.r8.graph.N2::a (133 bytes)
Event: 32.259 Thread 0x000001c3542a6000 nmethod 11712 0x000001c33f8a8190 code [0x000001c33f8a83c0, 0x000001c33f8a8ac8]
Event: 32.260 Thread 0x000001c3542a6000 11713       2       com.android.tools.r8.code.Q3::<init> (7 bytes)
Event: 32.260 Thread 0x000001c3542a6000 nmethod 11713 0x000001c33f8a8e90 code [0x000001c33f8a9060, 0x000001c33f8a9298]
Event: 32.261 Thread 0x000001c3542a6000 11714       2       com.android.tools.r8.code.m0::<init> (7 bytes)
Event: 32.261 Thread 0x000001c3542a6000 nmethod 11714 0x000001c33f8a9490 code [0x000001c33f8a9660, 0x000001c33f8a9898]
Event: 32.261 Thread 0x000001c3542a6000 11715       2       com.android.tools.r8.code.w1::b (25 bytes)
Event: 32.261 Thread 0x000001c3542a6000 nmethod 11715 0x000001c33f8a9a90 code [0x000001c33f8a9c60, 0x000001c33f8a9e38]
Event: 32.268 Thread 0x000001c3542a6000 11716       2       com.android.tools.r8.code.d::<init> (7 bytes)
Event: 32.268 Thread 0x000001c3542a6000 nmethod 11716 0x000001c33f8a9f90 code [0x000001c33f8aa160, 0x000001c33f8aa398]

GC Heap History (20 events):
Event: 29.297 GC heap after
{Heap after GC invocations=25 (full 0):
 garbage-first heap   total 187392K, used 97473K [0x0000000080000000, 0x0000000100000000)
  region size 1024K, 9 young (9216K), 9 survivors (9216K)
 Metaspace       used 88355K, capacity 90589K, committed 90624K, reserved 1128448K
  class space    used 11477K, capacity 12285K, committed 12288K, reserved 1048576K
}
Event: 29.769 GC heap before
{Heap before GC invocations=26 (full 0):
 garbage-first heap   total 187392K, used 111809K [0x0000000080000000, 0x0000000100000000)
  region size 1024K, 21 young (21504K), 9 survivors (9216K)
 Metaspace       used 90939K, capacity 93172K, committed 93312K, reserved 1130496K
  class space    used 11826K, capacity 12616K, committed 12672K, reserved 1048576K
}
Event: 29.784 GC heap after
{Heap after GC invocations=27 (full 0):
 garbage-first heap   total 187392K, used 103827K [0x0000000080000000, 0x0000000100000000)
  region size 1024K, 3 young (3072K), 3 survivors (3072K)
 Metaspace       used 90939K, capacity 93172K, committed 93312K, reserved 1130496K
  class space    used 11826K, capacity 12616K, committed 12672K, reserved 1048576K
}
Event: 30.218 GC heap before
{Heap before GC invocations=28 (full 0):
 garbage-first heap   total 187392K, used 165267K [0x0000000080000000, 0x0000000100000000)
  region size 1024K, 34 young (34816K), 3 survivors (3072K)
 Metaspace       used 91557K, capacity 93755K, committed 93952K, reserved 1130496K
  class space    used 11912K, capacity 12727K, committed 12800K, reserved 1048576K
}
Event: 30.232 GC heap after
{Heap after GC invocations=29 (full 0):
 garbage-first heap   total 187392K, used 126930K [0x0000000080000000, 0x0000000100000000)
  region size 1024K, 5 young (5120K), 5 survivors (5120K)
 Metaspace       used 91557K, capacity 93755K, committed 93952K, reserved 1130496K
  class space    used 11912K, capacity 12727K, committed 12800K, reserved 1048576K
}
Event: 30.382 GC heap before
{Heap before GC invocations=29 (full 0):
 garbage-first heap   total 187392K, used 146386K [0x0000000080000000, 0x0000000100000000)
  region size 1024K, 25 young (25600K), 5 survivors (5120K)
 Metaspace       used 91560K, capacity 93755K, committed 93952K, reserved 1130496K
  class space    used 11912K, capacity 12727K, committed 12800K, reserved 1048576K
}
Event: 30.410 GC heap after
{Heap after GC invocations=30 (full 0):
 garbage-first heap   total 187392K, used 135392K [0x0000000080000000, 0x0000000100000000)
  region size 1024K, 4 young (4096K), 4 survivors (4096K)
 Metaspace       used 91560K, capacity 93755K, committed 93952K, reserved 1130496K
  class space    used 11912K, capacity 12727K, committed 12800K, reserved 1048576K
}
Event: 30.571 GC heap before
{Heap before GC invocations=30 (full 0):
 garbage-first heap   total 187392K, used 153824K [0x0000000080000000, 0x0000000100000000)
  region size 1024K, 20 young (20480K), 4 survivors (4096K)
 Metaspace       used 91560K, capacity 93755K, committed 93952K, reserved 1130496K
  class space    used 11912K, capacity 12727K, committed 12800K, reserved 1048576K
}
Event: 30.603 GC heap after
{Heap after GC invocations=31 (full 0):
 garbage-first heap   total 187392K, used 144259K [0x0000000080000000, 0x0000000100000000)
  region size 1024K, 3 young (3072K), 3 survivors (3072K)
 Metaspace       used 91560K, capacity 93755K, committed 93952K, reserved 1130496K
  class space    used 11912K, capacity 12727K, committed 12800K, reserved 1048576K
}
Event: 30.987 GC heap before
{Heap before GC invocations=32 (full 0):
 garbage-first heap   total 187392K, used 156547K [0x0000000080000000, 0x0000000100000000)
  region size 1024K, 15 young (15360K), 3 survivors (3072K)
 Metaspace       used 93397K, capacity 95734K, committed 96000K, reserved 1132544K
  class space    used 12337K, capacity 13200K, committed 13312K, reserved 1048576K
}
Event: 31.007 GC heap after
{Heap after GC invocations=33 (full 0):
 garbage-first heap   total 187392K, used 148480K [0x0000000080000000, 0x0000000100000000)
  region size 1024K, 2 young (2048K), 2 survivors (2048K)
 Metaspace       used 93397K, capacity 95734K, committed 96000K, reserved 1132544K
  class space    used 12337K, capacity 13200K, committed 13312K, reserved 1048576K
}
Event: 31.267 GC heap before
{Heap before GC invocations=33 (full 0):
 garbage-first heap   total 187392K, used 158720K [0x0000000080000000, 0x0000000100000000)
  region size 1024K, 12 young (12288K), 2 survivors (2048K)
 Metaspace       used 93835K, capacity 96144K, committed 96256K, reserved 1132544K
  class space    used 12357K, capacity 13204K, committed 13312K, reserved 1048576K
}
Event: 31.285 GC heap after
{Heap after GC invocations=34 (full 0):
 garbage-first heap   total 225280K, used 153843K [0x0000000080000000, 0x0000000100000000)
  region size 1024K, 2 young (2048K), 2 survivors (2048K)
 Metaspace       used 93835K, capacity 96144K, committed 96256K, reserved 1132544K
  class space    used 12357K, capacity 13204K, committed 13312K, reserved 1048576K
}
Event: 31.668 GC heap before
{Heap before GC invocations=34 (full 0):
 garbage-first heap   total 225280K, used 172275K [0x0000000080000000, 0x0000000100000000)
  region size 1024K, 21 young (21504K), 2 survivors (2048K)
 Metaspace       used 93868K, capacity 96149K, committed 96512K, reserved 1132544K
  class space    used 12357K, capacity 13204K, committed 13312K, reserved 1048576K
}
Event: 31.686 GC heap after
{Heap after GC invocations=35 (full 0):
 garbage-first heap   total 225280K, used 164072K [0x0000000080000000, 0x0000000100000000)
  region size 1024K, 3 young (3072K), 3 survivors (3072K)
 Metaspace       used 93868K, capacity 96149K, committed 96512K, reserved 1132544K
  class space    used 12357K, capacity 13204K, committed 13312K, reserved 1048576K
}
Event: 31.988 GC heap before
{Heap before GC invocations=36 (full 0):
 garbage-first heap   total 225280K, used 180456K [0x0000000080000000, 0x0000000100000000)
  region size 1024K, 19 young (19456K), 3 survivors (3072K)
 Metaspace       used 93896K, capacity 96151K, committed 96512K, reserved 1132544K
  class space    used 12357K, capacity 13204K, committed 13312K, reserved 1048576K
}
Event: 32.007 GC heap after
{Heap after GC invocations=37 (full 0):
 garbage-first heap   total 225280K, used 172810K [0x0000000080000000, 0x0000000100000000)
  region size 1024K, 3 young (3072K), 3 survivors (3072K)
 Metaspace       used 93896K, capacity 96151K, committed 96512K, reserved 1132544K
  class space    used 12357K, capacity 13204K, committed 13312K, reserved 1048576K
}
Event: 32.138 GC heap before
{Heap before GC invocations=37 (full 0):
 garbage-first heap   total 225280K, used 186122K [0x0000000080000000, 0x0000000100000000)
  region size 1024K, 16 young (16384K), 3 survivors (3072K)
 Metaspace       used 93897K, capacity 96151K, committed 96512K, reserved 1132544K
  class space    used 12357K, capacity 13204K, committed 13312K, reserved 1048576K
}
Event: 32.152 GC heap after
{Heap after GC invocations=38 (full 0):
 garbage-first heap   total 225280K, used 179984K [0x0000000080000000, 0x0000000100000000)
  region size 1024K, 2 young (2048K), 2 survivors (2048K)
 Metaspace       used 93897K, capacity 96151K, committed 96512K, reserved 1132544K
  class space    used 12357K, capacity 13204K, committed 13312K, reserved 1048576K
}
Event: 32.289 GC heap before
{Heap before GC invocations=38 (full 0):
 garbage-first heap   total 225280K, used 190224K [0x0000000080000000, 0x0000000100000000)
  region size 1024K, 12 young (12288K), 2 survivors (2048K)
 Metaspace       used 93899K, capacity 96152K, committed 96512K, reserved 1132544K
  class space    used 12357K, capacity 13204K, committed 13312K, reserved 1048576K
}

Deoptimization events (20 events):
Event: 32.235 Thread 0x000001c35bbd2800 DEOPT PACKING pc=0x000001c33f7c7915 sp=0x000000a26f9fec40
Event: 32.235 Thread 0x000001c35bbd2800 DEOPT UNPACKING pc=0x000001c33da5a95e sp=0x000000a26f9fe268 mode 0
Event: 32.243 Thread 0x000001c35bbd3800 DEOPT PACKING pc=0x000001c33f7c7915 sp=0x000000a26fbfeb90
Event: 32.243 Thread 0x000001c35bbd3800 DEOPT UNPACKING pc=0x000001c33da5a95e sp=0x000000a26fbfe1b8 mode 0
Event: 32.251 Thread 0x000001c35bbd3800 DEOPT PACKING pc=0x000001c33f7c7915 sp=0x000000a26fbfeb90
Event: 32.251 Thread 0x000001c35bbd3800 DEOPT UNPACKING pc=0x000001c33da5a95e sp=0x000000a26fbfe1b8 mode 0
Event: 32.252 Thread 0x000001c35bbd3800 DEOPT PACKING pc=0x000001c33f895e31 sp=0x000000a26fbfe380
Event: 32.252 Thread 0x000001c35bbd3800 DEOPT UNPACKING pc=0x000001c33da5a95e sp=0x000000a26fbfdfd0 mode 0
Event: 32.260 Thread 0x000001c35bbd3800 DEOPT PACKING pc=0x000001c33f7c7915 sp=0x000000a26fbfeb90
Event: 32.260 Thread 0x000001c35bbd3800 DEOPT UNPACKING pc=0x000001c33da5a95e sp=0x000000a26fbfe1b8 mode 0
Event: 32.267 Thread 0x000001c35bbd3800 DEOPT PACKING pc=0x000001c33f7c7915 sp=0x000000a26fbfeb90
Event: 32.267 Thread 0x000001c35bbd3800 DEOPT UNPACKING pc=0x000001c33da5a95e sp=0x000000a26fbfe1b8 mode 0
Event: 32.275 Thread 0x000001c35bbd0000 DEOPT PACKING pc=0x000001c33f7c7915 sp=0x000000a26fafe920
Event: 32.275 Thread 0x000001c35bbd0000 DEOPT UNPACKING pc=0x000001c33da5a95e sp=0x000000a26fafdf48 mode 0
Event: 32.276 Thread 0x000001c35bbd0000 Uncommon trap: trap_request=0xffffffbe fr.pc=0x000001c345beb068 relative=0x0000000000007568
Event: 32.276 Thread 0x000001c35bbd0000 Uncommon trap: reason=profile_predicate action=maybe_recompile pc=0x000001c345beb068 method=com.android.tools.r8.dex.j.a(I[Lcom/android/tools/r8/internal/Vf;[Lcom/android/tools/r8/internal/Wf;Z)[Lcom/android/tools/r8/graph/q0; @ 650 c2
Event: 32.276 Thread 0x000001c35bbd0000 DEOPT PACKING pc=0x000001c345beb068 sp=0x000000a26fafea70
Event: 32.276 Thread 0x000001c35bbd0000 DEOPT UNPACKING pc=0x000001c33da5a1af sp=0x000000a26fafea48 mode 2
Event: 32.285 Thread 0x000001c35bbd0000 DEOPT PACKING pc=0x000001c33f7c7915 sp=0x000000a26fafe900
Event: 32.285 Thread 0x000001c35bbd0000 DEOPT UNPACKING pc=0x000001c33da5a95e sp=0x000000a26fafdf28 mode 0

Classes redefined (0 events):
No events

Internal exceptions (20 events):
Event: 25.553 Thread 0x000001c356f8b800 Exception <a 'java/lang/NoSuchMethodError'{0x00000000876ca6a8}: <clinit>> (0x00000000876ca6a8) thrown at [./src/hotspot/share/prims/jni.cpp, line 1365]
Event: 25.554 Thread 0x000001c356f8b800 Exception <a 'java/lang/NoSuchMethodError'{0x00000000876cb8e0}: <clinit>> (0x00000000876cb8e0) thrown at [./src/hotspot/share/prims/jni.cpp, line 1365]
Event: 26.296 Thread 0x000001c356f8b800 Exception <a 'java/lang/NoSuchMethodError'{0x000000008847bdf0}: <clinit>> (0x000000008847bdf0) thrown at [./src/hotspot/share/prims/jni.cpp, line 1365]
Event: 26.299 Thread 0x000001c356f8b800 Exception <a 'java/lang/NoSuchMethodError'{0x00000000884afb48}: <clinit>> (0x00000000884afb48) thrown at [./src/hotspot/share/prims/jni.cpp, line 1365]
Event: 26.304 Thread 0x000001c356f8b800 Exception <a 'java/lang/NoSuchMethodError'{0x00000000884e2b48}: <clinit>> (0x00000000884e2b48) thrown at [./src/hotspot/share/prims/jni.cpp, line 1365]
Event: 26.305 Thread 0x000001c356f8b800 Exception <a 'java/lang/NoSuchMethodError'{0x00000000884f5588}: <clinit>> (0x00000000884f5588) thrown at [./src/hotspot/share/prims/jni.cpp, line 1365]
Event: 26.944 Thread 0x000001c3577da800 Exception <a 'java/lang/NoSuchMethodError'{0x000000008b0bfb68}: 'int java.lang.invoke.DirectMethodHandle$Holder.invokeSpecial(java.lang.Object, java.lang.Object, java.lang.Object, java.lang.Object, java.lang.Object)'> (0x000000008b0bfb68) thrown at [./src/hotspot/share/interpreter/linkResolver.cpp, line 773]
Event: 29.493 Thread 0x000001c356f91000 Exception <a 'java/lang/NoSuchMethodError'{0x000000008b4717d0}: 'void java.lang.invoke.DirectMethodHandle$Holder.invokeStatic(java.lang.Object, long)'> (0x000000008b4717d0) thrown at [./src/hotspot/share/interpreter/linkResolver.cpp, line 773]
Event: 29.494 Thread 0x000001c356f91000 Exception <a 'java/lang/NoSuchMethodError'{0x000000008b4769e8}: 'java.lang.Object java.lang.invoke.DirectMethodHandle$Holder.invokeStatic(java.lang.Object, long)'> (0x000000008b4769e8) thrown at [./src/hotspot/share/interpreter/linkResolver.cpp, line 773]
Event: 29.497 Thread 0x000001c356f91000 Exception <a 'java/lang/NoSuchMethodError'{0x000000008b484d50}: 'java.lang.Object java.lang.invoke.DirectMethodHandle$Holder.invokeStaticInit(java.lang.Object, java.lang.Object, long, java.lang.Object)'> (0x000000008b484d50) thrown at [./src/hotspot/share/interpreter/linkResolver.cpp, line 773]
Event: 29.498 Thread 0x000001c356f91000 Exception <a 'java/lang/NoSuchMethodError'{0x000000008b3b6b10}: 'java.lang.Object java.lang.invoke.DirectMethodHandle$Holder.invokeStatic(java.lang.Object, java.lang.Object, long)'> (0x000000008b3b6b10) thrown at [./src/hotspot/share/interpreter/linkResolver.cpp, line 773]
Event: 29.499 Thread 0x000001c356f91000 Exception <a 'java/lang/NoSuchMethodError'{0x000000008b3bd088}: 'java.lang.Object java.lang.invoke.Invokers$Holder.linkToTargetMethod(java.lang.Object, long, java.lang.Object)'> (0x000000008b3bd088) thrown at [./src/hotspot/share/interpreter/linkResolver.cpp, line 773]
Event: 29.526 Thread 0x000001c356f92000 Exception <a 'sun/nio/fs/WindowsException'{0x000000008b299440}> (0x000000008b299440) thrown at [./src/hotspot/share/prims/jni.cpp, line 615]
Event: 29.800 Thread 0x000001c356f92000 Exception <a 'java/lang/NoSuchMethodError'{0x000000008b6da498}: 'java.lang.Object java.lang.invoke.DirectMethodHandle$Holder.invokeStaticInit(java.lang.Object, java.lang.Object, java.lang.Object, java.lang.Object, java.lang.Object, java.lang.Object, java.lang.Object, java.lang.Object, java.lang.Object, java.lang.Object, java.lang.Object, java.lang.Object, java.lang.Object, java.lang.Object, java.lang.Object, java.lang.Object, java.lang.Object, java.lang.Object, int, java.lang.Object, java.lang.Object)'> (0
Event: 30.180 Thread 0x000001c356f91000 Exception <a 'java/lang/NoSuchMethodError'{0x00000000897992a8}: 'int java.lang.invoke.DirectMethodHandle$Holder.invokeSpecialIFC(java.lang.Object, java.lang.Object, java.lang.Object)'> (0x00000000897992a8) thrown at [./src/hotspot/share/interpreter/linkResolver.cpp, line 773]
Event: 30.751 Thread 0x000001c35bbd3800 Exception <a 'java/lang/IncompatibleClassChangeError'{0x000000008b0ac9f8}: Found class java.lang.Object, but interface was expected> (0x000000008b0ac9f8) thrown at [./src/hotspot/share/interpreter/linkResolver.cpp, line 839]
Event: 30.807 Thread 0x000001c35bbd2000 Exception <a 'java/lang/NoSuchMethodError'{0x000000008aff0968}: 'java.lang.Object java.lang.invoke.DirectMethodHandle$Holder.newInvokeSpecial(java.lang.Object, int)'> (0x000000008aff0968) thrown at [./src/hotspot/share/interpreter/linkResolver.cpp, line 773]
Event: 30.947 Thread 0x000001c35bbd0000 Exception <a 'java/lang/IncompatibleClassChangeError'{0x000000008ab551d0}: Found class java.lang.Object, but interface was expected> (0x000000008ab551d0) thrown at [./src/hotspot/share/interpreter/linkResolver.cpp, line 839]
Event: 30.949 Thread 0x000001c35bbd0000 Exception <a 'java/lang/IncompatibleClassChangeError'{0x000000008ab5ae98}: Found class java.lang.Object, but interface was expected> (0x000000008ab5ae98) thrown at [./src/hotspot/share/interpreter/linkResolver.cpp, line 839]
Event: 30.949 Thread 0x000001c35bbd3800 Exception <a 'java/lang/IncompatibleClassChangeError'{0x000000008ab50cf0}: Found class java.lang.Object, but interface was expected> (0x000000008ab50cf0) thrown at [./src/hotspot/share/interpreter/linkResolver.cpp, line 839]

Events (20 events):
Event: 31.056 loading class com/android/tools/r8/internal/Ej
Event: 31.056 loading class com/android/tools/r8/internal/Ej done
Event: 31.058 loading class com/android/tools/r8/internal/bB
Event: 31.058 loading class com/android/tools/r8/internal/bB done
Event: 31.238 Executing VM operation: RevokeBias
Event: 31.240 Executing VM operation: RevokeBias done
Event: 31.240 Thread 0x000001c356f93000 Thread exited: 0x000001c356f93000
Event: 31.266 Executing VM operation: G1CollectForAllocation
Event: 31.285 Executing VM operation: G1CollectForAllocation done
Event: 31.664 Executing VM operation: G1CollectForAllocation
Event: 31.686 Executing VM operation: G1CollectForAllocation done
Event: 31.710 Executing VM operation: CGC_Operation
Event: 31.723 Executing VM operation: CGC_Operation done
Event: 31.942 Executing VM operation: CGC_Operation
Event: 31.948 Executing VM operation: CGC_Operation done
Event: 31.984 Executing VM operation: G1CollectForAllocation
Event: 32.007 Executing VM operation: G1CollectForAllocation done
Event: 32.137 Executing VM operation: G1CollectForAllocation
Event: 32.152 Executing VM operation: G1CollectForAllocation done
Event: 32.286 Executing VM operation: G1CollectForAllocation


Dynamic libraries:
0x00007ff7c94d0000 - 0x00007ff7c94da000 	C:\Program Files\Android\Android Studio\jre\bin\java.exe
0x00007ffb30470000 - 0x00007ffb30668000 	C:\WINDOWS\SYSTEM32\ntdll.dll
0x00007ffb2eb90000 - 0x00007ffb2ec4d000 	C:\WINDOWS\System32\KERNEL32.DLL
0x00007ffb2db80000 - 0x00007ffb2de52000 	C:\WINDOWS\System32\KERNELBASE.dll
0x00007ffb21f80000 - 0x00007ffb21f99000 	C:\Program Files\Android\Android Studio\jre\bin\jli.dll
0x00007ffb2ff40000 - 0x00007ffb300dd000 	C:\WINDOWS\System32\USER32.dll
0x00007ffb2e120000 - 0x00007ffb2e220000 	C:\WINDOWS\System32\ucrtbase.dll
0x00007ffb2df00000 - 0x00007ffb2df22000 	C:\WINDOWS\System32\win32u.dll
0x00007ffb300e0000 - 0x00007ffb3010b000 	C:\WINDOWS\System32\GDI32.dll
0x00007ffb2e320000 - 0x00007ffb2e42f000 	C:\WINDOWS\System32\gdi32full.dll
0x00007ffb2e430000 - 0x00007ffb2e4cd000 	C:\WINDOWS\System32\msvcp_win.dll
0x00007ffb1d0a0000 - 0x00007ffb1d33a000 	C:\WINDOWS\WinSxS\amd64_microsoft.windows.common-controls_6595b64144ccf1df_6.0.19041.1110_none_60b5254171f9507e\COMCTL32.dll
0x00007ffb30260000 - 0x00007ffb302fe000 	C:\WINDOWS\System32\msvcrt.dll
0x00007ffb21f60000 - 0x00007ffb21f77000 	C:\Program Files\Android\Android Studio\jre\bin\VCRUNTIME140.dll
0x00007ffb2ece0000 - 0x00007ffb2ed10000 	C:\WINDOWS\System32\IMM32.DLL
0x00007ffb158d0000 - 0x00007ffb1596d000 	C:\Program Files\Android\Android Studio\jre\bin\msvcp140.dll
0x00007ffaccf90000 - 0x00007ffacda75000 	C:\Program Files\Android\Android Studio\jre\bin\server\jvm.dll
0x00007ffb2f550000 - 0x00007ffb2f5fe000 	C:\WINDOWS\System32\ADVAPI32.dll
0x00007ffb2e790000 - 0x00007ffb2e82c000 	C:\WINDOWS\System32\sechost.dll
0x00007ffb30110000 - 0x00007ffb30235000 	C:\WINDOWS\System32\RPCRT4.dll
0x00007ffb2f740000 - 0x00007ffb2f748000 	C:\WINDOWS\System32\PSAPI.DLL
0x00007ffb1b380000 - 0x00007ffb1b389000 	C:\WINDOWS\SYSTEM32\WSOCK32.dll
0x00007ffb2f670000 - 0x00007ffb2f6db000 	C:\WINDOWS\System32\WS2_32.dll
0x00007ffb1d340000 - 0x00007ffb1d367000 	C:\WINDOWS\SYSTEM32\WINMM.dll
0x00007ffb1c1b0000 - 0x00007ffb1c1ba000 	C:\WINDOWS\SYSTEM32\VERSION.dll
0x00007ffb2ba40000 - 0x00007ffb2ba52000 	C:\WINDOWS\SYSTEM32\kernel.appcore.dll
0x00007ffb16db0000 - 0x00007ffb16dc1000 	C:\Program Files\Android\Android Studio\jre\bin\verify.dll
0x00007ffb1c6b0000 - 0x00007ffb1c894000 	C:\WINDOWS\SYSTEM32\DBGHELP.DLL
0x00007ffb1c530000 - 0x00007ffb1c55c000 	C:\WINDOWS\SYSTEM32\dbgcore.DLL
0x00007ffb2e090000 - 0x00007ffb2e112000 	C:\WINDOWS\System32\bcryptPrimitives.dll
0x00007ffb16d00000 - 0x00007ffb16d29000 	C:\Program Files\Android\Android Studio\jre\bin\java.dll
0x00007ffb27e70000 - 0x00007ffb27e7b000 	C:\Program Files\Android\Android Studio\jre\bin\jimage.dll
0x00007ffb169e0000 - 0x00007ffb169f8000 	C:\Program Files\Android\Android Studio\jre\bin\zip.dll
0x00007ffb2ee00000 - 0x00007ffb2f543000 	C:\WINDOWS\System32\SHELL32.dll
0x00007ffb2bc40000 - 0x00007ffb2c3d1000 	C:\WINDOWS\SYSTEM32\windows.storage.dll
0x00007ffb2e830000 - 0x00007ffb2eb84000 	C:\WINDOWS\System32\combase.dll
0x00007ffb2d500000 - 0x00007ffb2d530000 	C:\WINDOWS\SYSTEM32\Wldp.dll
0x00007ffb2e6e0000 - 0x00007ffb2e78d000 	C:\WINDOWS\System32\SHCORE.dll
0x00007ffb2e680000 - 0x00007ffb2e6d5000 	C:\WINDOWS\System32\shlwapi.dll
0x00007ffb2dac0000 - 0x00007ffb2dadf000 	C:\WINDOWS\SYSTEM32\profapi.dll
0x00007ffb169c0000 - 0x00007ffb169da000 	C:\Program Files\Android\Android Studio\jre\bin\net.dll
0x00007ffb1ee40000 - 0x00007ffb1ef4d000 	C:\WINDOWS\SYSTEM32\WINHTTP.dll
0x00007ffb2d260000 - 0x00007ffb2d2ca000 	C:\WINDOWS\system32\mswsock.dll
0x00007ffb16670000 - 0x00007ffb16684000 	C:\Program Files\Android\Android Studio\jre\bin\nio.dll
0x00007ffb16e00000 - 0x00007ffb16e27000 	C:\Users\shahw\.gradle\native\e1d6ef7f7dcc3fd88c89a11ec53ec762bb8ba0a96d01ffa2cd45eb1d1d8dd5c5\windows-amd64\native-platform.dll
0x00007ffaee350000 - 0x00007ffaee494000 	C:\Users\shahw\.gradle\native\5664cfc778a61ccfe75a443a1ab52a65af34e5dc3c78e0209fed803814484fcb\windows-amd64\native-platform-file-events.dll
0x00007ffb24e30000 - 0x00007ffb24e3a000 	C:\Program Files\Android\Android Studio\jre\bin\management.dll
0x00007ffb19fa0000 - 0x00007ffb19fad000 	C:\Program Files\Android\Android Studio\jre\bin\management_ext.dll
0x00007ffb2d450000 - 0x00007ffb2d468000 	C:\WINDOWS\SYSTEM32\CRYPTSP.dll
0x00007ffb2cb80000 - 0x00007ffb2cbb4000 	C:\WINDOWS\system32\rsaenh.dll
0x00007ffb2ded0000 - 0x00007ffb2def7000 	C:\WINDOWS\System32\bcrypt.dll
0x00007ffb2da80000 - 0x00007ffb2daae000 	C:\WINDOWS\SYSTEM32\USERENV.dll
0x00007ffb2d470000 - 0x00007ffb2d47c000 	C:\WINDOWS\SYSTEM32\CRYPTBASE.dll
0x00007ffb2cf50000 - 0x00007ffb2cf8b000 	C:\WINDOWS\SYSTEM32\IPHLPAPI.DLL
0x00007ffb2ed10000 - 0x00007ffb2ed18000 	C:\WINDOWS\System32\NSI.dll
0x00007ffb22940000 - 0x00007ffb22957000 	C:\WINDOWS\SYSTEM32\dhcpcsvc6.DLL
0x00007ffb22a20000 - 0x00007ffb22a3d000 	C:\WINDOWS\SYSTEM32\dhcpcsvc.DLL
0x00007ffb2cf90000 - 0x00007ffb2d05a000 	C:\WINDOWS\SYSTEM32\DNSAPI.dll

dbghelp: loaded successfully - version: 4.0.5 - missing functions: none
symbol engine: initialized successfully - sym options: 0x614 - pdb path: .;C:\Program Files\Android\Android Studio\jre\bin;C:\WINDOWS\SYSTEM32;C:\WINDOWS\WinSxS\amd64_microsoft.windows.common-controls_6595b64144ccf1df_6.0.19041.1110_none_60b5254171f9507e;C:\Program Files\Android\Android Studio\jre\bin\server;C:\Users\shahw\.gradle\native\e1d6ef7f7dcc3fd88c89a11ec53ec762bb8ba0a96d01ffa2cd45eb1d1d8dd5c5\windows-amd64;C:\Users\shahw\.gradle\native\5664cfc778a61ccfe75a443a1ab52a65af34e5dc3c78e0209fed803814484fcb\windows-amd64

VM Arguments:
jvm_args: --add-opens=java.base/java.util=ALL-UNNAMED --add-opens=java.base/java.lang=ALL-UNNAMED --add-opens=java.base/java.lang.invoke=ALL-UNNAMED --add-opens=java.base/java.util=ALL-UNNAMED --add-opens=java.prefs/java.util.prefs=ALL-UNNAMED --add-opens=java.prefs/java.util.prefs=ALL-UNNAMED --add-opens=java.base/java.nio.charset=ALL-UNNAMED --add-opens=java.base/java.net=ALL-UNNAMED --add-opens=java.base/java.util.concurrent.atomic=ALL-UNNAMED -Xmx2048m -Dfile.encoding=UTF-8 -Duser.country=US -Duser.language=en -Duser.variant 
java_command: org.gradle.launcher.daemon.bootstrap.GradleDaemon 7.3.3
java_class_path (initial): C:\Users\shahw\.gradle\wrapper\dists\gradle-7.3.3-bin\6a41zxkdtcxs8rphpq6y0069z\gradle-7.3.3\lib\gradle-launcher-7.3.3.jar
Launcher Type: SUN_STANDARD

[Global flags]
     intx CICompilerCount                          = 3                                         {product} {ergonomic}
     uint ConcGCThreads                            = 1                                         {product} {ergonomic}
     uint G1ConcRefinementThreads                  = 4                                         {product} {ergonomic}
   size_t G1HeapRegionSize                         = 1048576                                   {product} {ergonomic}
    uintx GCDrainStackTargetSize                   = 64                                        {product} {ergonomic}
   size_t InitialHeapSize                          = 132120576                                 {product} {ergonomic}
   size_t MarkStackSize                            = 4194304                                   {product} {ergonomic}
   size_t MaxHeapSize                              = 2147483648                                {product} {command line}
   size_t MaxNewSize                               = 1287651328                                {product} {ergonomic}
   size_t MinHeapDeltaBytes                        = 1048576                                   {product} {ergonomic}
    uintx NonNMethodCodeHeapSize                   = 5830732                                {pd product} {ergonomic}
    uintx NonProfiledCodeHeapSize                  = 122913754                              {pd product} {ergonomic}
    uintx ProfiledCodeHeapSize                     = 122913754                              {pd product} {ergonomic}
    uintx ReservedCodeCacheSize                    = 251658240                              {pd product} {ergonomic}
     bool SegmentedCodeCache                       = true                                      {product} {ergonomic}
     bool UseCompressedClassPointers               = true                                 {lp64_product} {ergonomic}
     bool UseCompressedOops                        = true                                 {lp64_product} {ergonomic}
     bool UseG1GC                                  = true                                      {product} {ergonomic}
     bool UseLargePagesIndividualAllocation        = false                                  {pd product} {ergonomic}

Logging:
Log output configuration:
 #0: stdout all=warning uptime,level,tags
 #1: stderr all=off uptime,level,tags

Environment Variables:
JAVA_HOME=C:\Program Files\Java\jre1.8.0_341
JRE_HOME=C:\Program Files\Java\jre1.8.0_341
PATH=C:\Program Files (x86)\Common Files\Oracle\Java\javapath;C:\WINDOWS\system32;C:\WINDOWS;C:\WINDOWS\System32\Wbem;C:\WINDOWS\System32\WindowsPowerShell\v1.0\;C:\WINDOWS\System32\OpenSSH\;C:\Program Files\MySQL\MySQL Shell 8.0\bin\;C:\Users\shahw\AppData\Local\Microsoft\WindowsApps;C:\Users\shahw\AppData\Local\Programs\Microsoft VS Code\bin;C:\Users\shahw\flutter\flutter\bin;
USERNAME=shahw
OS=Windows_NT
PROCESSOR_IDENTIFIER=Intel64 Family 6 Model 58 Stepping 9, GenuineIntel



---------------  S Y S T E M  ---------------

OS: Windows 10 , 64 bit Build 19041 (10.0.19041.1889)
OS uptime: 9 days 15:52 hours

CPU:total 4 (initial active 4) (2 cores per cpu, 2 threads per core) family 6 model 58 stepping 9 microcode 0x21, cmov, cx8, fxsr, mmx, sse, sse2, sse3, ssse3, sse4.1, sse4.2, popcnt, avx, aes, clmul, erms, ht, tsc, tscinvbit, tscinv

Memory: 4k page, system-wide physical 8063M (356M free)
TotalPageFile size 20760M (AvailPageFile size 34M)
current process WorkingSet (physical memory assigned to process): 482M, peak: 485M
current process commit charge ("private bytes"): 538M, peak: 585M

vm_info: OpenJDK 64-Bit Server VM (11.0.12+7-b1504.28-7817840) for windows-amd64 JRE (11.0.12+7-b1504.28-7817840), built on Oct 13 2021 22:12:33 by "builder" with MS VC++ 14.0 (VS2015)

END.
